[2025-02-04 06:07:53] local.ERROR: SQLSTATE[42S01]: Base table or view already exists: 1050 Table 'categories' already exists (Connection: mysql, SQL: create table `categories` (`id` bigint unsigned not null auto_increment primary key, `name` varchar(255) not null, `meta_title` varchar(255) null, `meta_description` text null, `created_at` timestamp null, `updated_at` timestamp null) default character set utf8mb4 collate 'utf8mb4_unicode_ci') {"exception":"[object] (Illuminate\\Database\\QueryException(code: 42S01): SQLSTATE[42S01]: Base table or view already exists: 1050 Table 'categories' already exists (Connection: mysql, SQL: create table `categories` (`id` bigint unsigned not null auto_increment primary key, `name` varchar(255) not null, `meta_title` varchar(255) null, `meta_description` text null, `created_at` timestamp null, `updated_at` timestamp null) default character set utf8mb4 collate 'utf8mb4_unicode_ci') at /Users/deepak/Desktop/deep_laravel/blogproject/vendor/laravel/framework/src/Illuminate/Database/Connection.php:825)
[stacktrace]
#0 /Users/deepak/Desktop/deep_laravel/blogproject/vendor/laravel/framework/src/Illuminate/Database/Connection.php(779): Illuminate\\Database\\Connection->runQueryCallback('create table `c...', Array, Object(Closure))
#1 /Users/deepak/Desktop/deep_laravel/blogproject/vendor/laravel/framework/src/Illuminate/Database/Connection.php(560): Illuminate\\Database\\Connection->run('create table `c...', Array, Object(Closure))
#2 /Users/deepak/Desktop/deep_laravel/blogproject/vendor/laravel/framework/src/Illuminate/Database/Schema/Blueprint.php(118): Illuminate\\Database\\Connection->statement('create table `c...')
#3 /Users/deepak/Desktop/deep_laravel/blogproject/vendor/laravel/framework/src/Illuminate/Database/Schema/Builder.php(564): Illuminate\\Database\\Schema\\Blueprint->build(Object(Illuminate\\Database\\MySqlConnection), Object(Illuminate\\Database\\Schema\\Grammars\\MySqlGrammar))
#4 /Users/deepak/Desktop/deep_laravel/blogproject/vendor/laravel/framework/src/Illuminate/Database/Schema/Builder.php(418): Illuminate\\Database\\Schema\\Builder->build(Object(Illuminate\\Database\\Schema\\Blueprint))
#5 /Users/deepak/Desktop/deep_laravel/blogproject/vendor/laravel/framework/src/Illuminate/Support/Facades/Facade.php(361): Illuminate\\Database\\Schema\\Builder->create('categories', Object(Closure))
#6 /Users/deepak/Desktop/deep_laravel/blogproject/database/migrations/2025_02_04_060720_create_categories_table.php(11): Illuminate\\Support\\Facades\\Facade::__callStatic('create', Array)
#7 /Users/deepak/Desktop/deep_laravel/blogproject/vendor/laravel/framework/src/Illuminate/Database/Migrations/Migrator.php(484): CreateCategoriesTable->up()
#8 /Users/deepak/Desktop/deep_laravel/blogproject/vendor/laravel/framework/src/Illuminate/Database/Migrations/Migrator.php(409): Illuminate\\Database\\Migrations\\Migrator->runMethod(Object(Illuminate\\Database\\MySqlConnection), Object(CreateCategoriesTable), 'up')
#9 /Users/deepak/Desktop/deep_laravel/blogproject/vendor/laravel/framework/src/Illuminate/Database/Migrations/Migrator.php(418): Illuminate\\Database\\Migrations\\Migrator->Illuminate\\Database\\Migrations\\{closure}()
#10 /Users/deepak/Desktop/deep_laravel/blogproject/vendor/laravel/framework/src/Illuminate/Database/Migrations/Migrator.php(221): Illuminate\\Database\\Migrations\\Migrator->runMigration(Object(CreateCategoriesTable), 'up')
#11 /Users/deepak/Desktop/deep_laravel/blogproject/vendor/laravel/framework/src/Illuminate/Console/View/Components/Task.php(40): Illuminate\\Database\\Migrations\\Migrator->Illuminate\\Database\\Migrations\\{closure}()
#12 /Users/deepak/Desktop/deep_laravel/blogproject/vendor/laravel/framework/src/Illuminate/Database/Migrations/Migrator.php(764): Illuminate\\Console\\View\\Components\\Task->render('2025_02_04_0607...', Object(Closure))
#13 /Users/deepak/Desktop/deep_laravel/blogproject/vendor/laravel/framework/src/Illuminate/Database/Migrations/Migrator.php(221): Illuminate\\Database\\Migrations\\Migrator->write('Illuminate\\\\Cons...', '2025_02_04_0607...', Object(Closure))
#14 /Users/deepak/Desktop/deep_laravel/blogproject/vendor/laravel/framework/src/Illuminate/Database/Migrations/Migrator.php(188): Illuminate\\Database\\Migrations\\Migrator->runUp('/Users/deepak/D...', 2, false)
#15 /Users/deepak/Desktop/deep_laravel/blogproject/vendor/laravel/framework/src/Illuminate/Database/Migrations/Migrator.php(131): Illuminate\\Database\\Migrations\\Migrator->runPending(Array, Array)
#16 /Users/deepak/Desktop/deep_laravel/blogproject/vendor/laravel/framework/src/Illuminate/Database/Console/Migrations/MigrateCommand.php(117): Illuminate\\Database\\Migrations\\Migrator->run(Array, Array)
#17 /Users/deepak/Desktop/deep_laravel/blogproject/vendor/laravel/framework/src/Illuminate/Database/Migrations/Migrator.php(624): Illuminate\\Database\\Console\\Migrations\\MigrateCommand->Illuminate\\Database\\Console\\Migrations\\{closure}()
#18 /Users/deepak/Desktop/deep_laravel/blogproject/vendor/laravel/framework/src/Illuminate/Database/Console/Migrations/MigrateCommand.php(110): Illuminate\\Database\\Migrations\\Migrator->usingConnection(NULL, Object(Closure))
#19 /Users/deepak/Desktop/deep_laravel/blogproject/vendor/laravel/framework/src/Illuminate/Database/Console/Migrations/MigrateCommand.php(89): Illuminate\\Database\\Console\\Migrations\\MigrateCommand->runMigrations()
#20 /Users/deepak/Desktop/deep_laravel/blogproject/vendor/laravel/framework/src/Illuminate/Container/BoundMethod.php(36): Illuminate\\Database\\Console\\Migrations\\MigrateCommand->handle()
#21 /Users/deepak/Desktop/deep_laravel/blogproject/vendor/laravel/framework/src/Illuminate/Container/Util.php(43): Illuminate\\Container\\BoundMethod::Illuminate\\Container\\{closure}()
#22 /Users/deepak/Desktop/deep_laravel/blogproject/vendor/laravel/framework/src/Illuminate/Container/BoundMethod.php(95): Illuminate\\Container\\Util::unwrapIfClosure(Object(Closure))
#23 /Users/deepak/Desktop/deep_laravel/blogproject/vendor/laravel/framework/src/Illuminate/Container/BoundMethod.php(35): Illuminate\\Container\\BoundMethod::callBoundMethod(Object(Illuminate\\Foundation\\Application), Array, Object(Closure))
#24 /Users/deepak/Desktop/deep_laravel/blogproject/vendor/laravel/framework/src/Illuminate/Container/Container.php(694): Illuminate\\Container\\BoundMethod::call(Object(Illuminate\\Foundation\\Application), Array, Array, NULL)
#25 /Users/deepak/Desktop/deep_laravel/blogproject/vendor/laravel/framework/src/Illuminate/Console/Command.php(213): Illuminate\\Container\\Container->call(Array)
#26 /Users/deepak/Desktop/deep_laravel/blogproject/vendor/symfony/console/Command/Command.php(279): Illuminate\\Console\\Command->execute(Object(Symfony\\Component\\Console\\Input\\ArgvInput), Object(Illuminate\\Console\\OutputStyle))
#27 /Users/deepak/Desktop/deep_laravel/blogproject/vendor/laravel/framework/src/Illuminate/Console/Command.php(182): Symfony\\Component\\Console\\Command\\Command->run(Object(Symfony\\Component\\Console\\Input\\ArgvInput), Object(Illuminate\\Console\\OutputStyle))
#28 /Users/deepak/Desktop/deep_laravel/blogproject/vendor/symfony/console/Application.php(1094): Illuminate\\Console\\Command->run(Object(Symfony\\Component\\Console\\Input\\ArgvInput), Object(Symfony\\Component\\Console\\Output\\ConsoleOutput))
#29 /Users/deepak/Desktop/deep_laravel/blogproject/vendor/symfony/console/Application.php(342): Symfony\\Component\\Console\\Application->doRunCommand(Object(Illuminate\\Database\\Console\\Migrations\\MigrateCommand), Object(Symfony\\Component\\Console\\Input\\ArgvInput), Object(Symfony\\Component\\Console\\Output\\ConsoleOutput))
#30 /Users/deepak/Desktop/deep_laravel/blogproject/vendor/symfony/console/Application.php(193): Symfony\\Component\\Console\\Application->doRun(Object(Symfony\\Component\\Console\\Input\\ArgvInput), Object(Symfony\\Component\\Console\\Output\\ConsoleOutput))
#31 /Users/deepak/Desktop/deep_laravel/blogproject/vendor/laravel/framework/src/Illuminate/Foundation/Console/Kernel.php(198): Symfony\\Component\\Console\\Application->run(Object(Symfony\\Component\\Console\\Input\\ArgvInput), Object(Symfony\\Component\\Console\\Output\\ConsoleOutput))
#32 /Users/deepak/Desktop/deep_laravel/blogproject/vendor/laravel/framework/src/Illuminate/Foundation/Application.php(1231): Illuminate\\Foundation\\Console\\Kernel->handle(Object(Symfony\\Component\\Console\\Input\\ArgvInput), Object(Symfony\\Component\\Console\\Output\\ConsoleOutput))
#33 /Users/deepak/Desktop/deep_laravel/blogproject/artisan(13): Illuminate\\Foundation\\Application->handleCommand(Object(Symfony\\Component\\Console\\Input\\ArgvInput))
#34 {main}

[previous exception] [object] (PDOException(code: 42S01): SQLSTATE[42S01]: Base table or view already exists: 1050 Table 'categories' already exists at /Users/deepak/Desktop/deep_laravel/blogproject/vendor/laravel/framework/src/Illuminate/Database/Connection.php:571)
[stacktrace]
#0 /Users/deepak/Desktop/deep_laravel/blogproject/vendor/laravel/framework/src/Illuminate/Database/Connection.php(571): PDOStatement->execute()
#1 /Users/deepak/Desktop/deep_laravel/blogproject/vendor/laravel/framework/src/Illuminate/Database/Connection.php(812): Illuminate\\Database\\Connection->Illuminate\\Database\\{closure}('create table `c...', Array)
#2 /Users/deepak/Desktop/deep_laravel/blogproject/vendor/laravel/framework/src/Illuminate/Database/Connection.php(779): Illuminate\\Database\\Connection->runQueryCallback('create table `c...', Array, Object(Closure))
#3 /Users/deepak/Desktop/deep_laravel/blogproject/vendor/laravel/framework/src/Illuminate/Database/Connection.php(560): Illuminate\\Database\\Connection->run('create table `c...', Array, Object(Closure))
#4 /Users/deepak/Desktop/deep_laravel/blogproject/vendor/laravel/framework/src/Illuminate/Database/Schema/Blueprint.php(118): Illuminate\\Database\\Connection->statement('create table `c...')
#5 /Users/deepak/Desktop/deep_laravel/blogproject/vendor/laravel/framework/src/Illuminate/Database/Schema/Builder.php(564): Illuminate\\Database\\Schema\\Blueprint->build(Object(Illuminate\\Database\\MySqlConnection), Object(Illuminate\\Database\\Schema\\Grammars\\MySqlGrammar))
#6 /Users/deepak/Desktop/deep_laravel/blogproject/vendor/laravel/framework/src/Illuminate/Database/Schema/Builder.php(418): Illuminate\\Database\\Schema\\Builder->build(Object(Illuminate\\Database\\Schema\\Blueprint))
#7 /Users/deepak/Desktop/deep_laravel/blogproject/vendor/laravel/framework/src/Illuminate/Support/Facades/Facade.php(361): Illuminate\\Database\\Schema\\Builder->create('categories', Object(Closure))
#8 /Users/deepak/Desktop/deep_laravel/blogproject/database/migrations/2025_02_04_060720_create_categories_table.php(11): Illuminate\\Support\\Facades\\Facade::__callStatic('create', Array)
#9 /Users/deepak/Desktop/deep_laravel/blogproject/vendor/laravel/framework/src/Illuminate/Database/Migrations/Migrator.php(484): CreateCategoriesTable->up()
#10 /Users/deepak/Desktop/deep_laravel/blogproject/vendor/laravel/framework/src/Illuminate/Database/Migrations/Migrator.php(409): Illuminate\\Database\\Migrations\\Migrator->runMethod(Object(Illuminate\\Database\\MySqlConnection), Object(CreateCategoriesTable), 'up')
#11 /Users/deepak/Desktop/deep_laravel/blogproject/vendor/laravel/framework/src/Illuminate/Database/Migrations/Migrator.php(418): Illuminate\\Database\\Migrations\\Migrator->Illuminate\\Database\\Migrations\\{closure}()
#12 /Users/deepak/Desktop/deep_laravel/blogproject/vendor/laravel/framework/src/Illuminate/Database/Migrations/Migrator.php(221): Illuminate\\Database\\Migrations\\Migrator->runMigration(Object(CreateCategoriesTable), 'up')
#13 /Users/deepak/Desktop/deep_laravel/blogproject/vendor/laravel/framework/src/Illuminate/Console/View/Components/Task.php(40): Illuminate\\Database\\Migrations\\Migrator->Illuminate\\Database\\Migrations\\{closure}()
#14 /Users/deepak/Desktop/deep_laravel/blogproject/vendor/laravel/framework/src/Illuminate/Database/Migrations/Migrator.php(764): Illuminate\\Console\\View\\Components\\Task->render('2025_02_04_0607...', Object(Closure))
#15 /Users/deepak/Desktop/deep_laravel/blogproject/vendor/laravel/framework/src/Illuminate/Database/Migrations/Migrator.php(221): Illuminate\\Database\\Migrations\\Migrator->write('Illuminate\\\\Cons...', '2025_02_04_0607...', Object(Closure))
#16 /Users/deepak/Desktop/deep_laravel/blogproject/vendor/laravel/framework/src/Illuminate/Database/Migrations/Migrator.php(188): Illuminate\\Database\\Migrations\\Migrator->runUp('/Users/deepak/D...', 2, false)
#17 /Users/deepak/Desktop/deep_laravel/blogproject/vendor/laravel/framework/src/Illuminate/Database/Migrations/Migrator.php(131): Illuminate\\Database\\Migrations\\Migrator->runPending(Array, Array)
#18 /Users/deepak/Desktop/deep_laravel/blogproject/vendor/laravel/framework/src/Illuminate/Database/Console/Migrations/MigrateCommand.php(117): Illuminate\\Database\\Migrations\\Migrator->run(Array, Array)
#19 /Users/deepak/Desktop/deep_laravel/blogproject/vendor/laravel/framework/src/Illuminate/Database/Migrations/Migrator.php(624): Illuminate\\Database\\Console\\Migrations\\MigrateCommand->Illuminate\\Database\\Console\\Migrations\\{closure}()
#20 /Users/deepak/Desktop/deep_laravel/blogproject/vendor/laravel/framework/src/Illuminate/Database/Console/Migrations/MigrateCommand.php(110): Illuminate\\Database\\Migrations\\Migrator->usingConnection(NULL, Object(Closure))
#21 /Users/deepak/Desktop/deep_laravel/blogproject/vendor/laravel/framework/src/Illuminate/Database/Console/Migrations/MigrateCommand.php(89): Illuminate\\Database\\Console\\Migrations\\MigrateCommand->runMigrations()
#22 /Users/deepak/Desktop/deep_laravel/blogproject/vendor/laravel/framework/src/Illuminate/Container/BoundMethod.php(36): Illuminate\\Database\\Console\\Migrations\\MigrateCommand->handle()
#23 /Users/deepak/Desktop/deep_laravel/blogproject/vendor/laravel/framework/src/Illuminate/Container/Util.php(43): Illuminate\\Container\\BoundMethod::Illuminate\\Container\\{closure}()
#24 /Users/deepak/Desktop/deep_laravel/blogproject/vendor/laravel/framework/src/Illuminate/Container/BoundMethod.php(95): Illuminate\\Container\\Util::unwrapIfClosure(Object(Closure))
#25 /Users/deepak/Desktop/deep_laravel/blogproject/vendor/laravel/framework/src/Illuminate/Container/BoundMethod.php(35): Illuminate\\Container\\BoundMethod::callBoundMethod(Object(Illuminate\\Foundation\\Application), Array, Object(Closure))
#26 /Users/deepak/Desktop/deep_laravel/blogproject/vendor/laravel/framework/src/Illuminate/Container/Container.php(694): Illuminate\\Container\\BoundMethod::call(Object(Illuminate\\Foundation\\Application), Array, Array, NULL)
#27 /Users/deepak/Desktop/deep_laravel/blogproject/vendor/laravel/framework/src/Illuminate/Console/Command.php(213): Illuminate\\Container\\Container->call(Array)
#28 /Users/deepak/Desktop/deep_laravel/blogproject/vendor/symfony/console/Command/Command.php(279): Illuminate\\Console\\Command->execute(Object(Symfony\\Component\\Console\\Input\\ArgvInput), Object(Illuminate\\Console\\OutputStyle))
#29 /Users/deepak/Desktop/deep_laravel/blogproject/vendor/laravel/framework/src/Illuminate/Console/Command.php(182): Symfony\\Component\\Console\\Command\\Command->run(Object(Symfony\\Component\\Console\\Input\\ArgvInput), Object(Illuminate\\Console\\OutputStyle))
#30 /Users/deepak/Desktop/deep_laravel/blogproject/vendor/symfony/console/Application.php(1094): Illuminate\\Console\\Command->run(Object(Symfony\\Component\\Console\\Input\\ArgvInput), Object(Symfony\\Component\\Console\\Output\\ConsoleOutput))
#31 /Users/deepak/Desktop/deep_laravel/blogproject/vendor/symfony/console/Application.php(342): Symfony\\Component\\Console\\Application->doRunCommand(Object(Illuminate\\Database\\Console\\Migrations\\MigrateCommand), Object(Symfony\\Component\\Console\\Input\\ArgvInput), Object(Symfony\\Component\\Console\\Output\\ConsoleOutput))
#32 /Users/deepak/Desktop/deep_laravel/blogproject/vendor/symfony/console/Application.php(193): Symfony\\Component\\Console\\Application->doRun(Object(Symfony\\Component\\Console\\Input\\ArgvInput), Object(Symfony\\Component\\Console\\Output\\ConsoleOutput))
#33 /Users/deepak/Desktop/deep_laravel/blogproject/vendor/laravel/framework/src/Illuminate/Foundation/Console/Kernel.php(198): Symfony\\Component\\Console\\Application->run(Object(Symfony\\Component\\Console\\Input\\ArgvInput), Object(Symfony\\Component\\Console\\Output\\ConsoleOutput))
#34 /Users/deepak/Desktop/deep_laravel/blogproject/vendor/laravel/framework/src/Illuminate/Foundation/Application.php(1231): Illuminate\\Foundation\\Console\\Kernel->handle(Object(Symfony\\Component\\Console\\Input\\ArgvInput), Object(Symfony\\Component\\Console\\Output\\ConsoleOutput))
#35 /Users/deepak/Desktop/deep_laravel/blogproject/artisan(13): Illuminate\\Foundation\\Application->handleCommand(Object(Symfony\\Component\\Console\\Input\\ArgvInput))
#36 {main}
"} 
[2025-02-04 06:08:12] local.ERROR: SQLSTATE[42S01]: Base table or view already exists: 1050 Table 'categories' already exists (Connection: mysql, SQL: create table `categories` (`id` bigint unsigned not null auto_increment primary key, `name` varchar(255) not null, `meta_title` varchar(255) null, `meta_description` text null, `created_at` timestamp null, `updated_at` timestamp null) default character set utf8mb4 collate 'utf8mb4_unicode_ci') {"exception":"[object] (Illuminate\\Database\\QueryException(code: 42S01): SQLSTATE[42S01]: Base table or view already exists: 1050 Table 'categories' already exists (Connection: mysql, SQL: create table `categories` (`id` bigint unsigned not null auto_increment primary key, `name` varchar(255) not null, `meta_title` varchar(255) null, `meta_description` text null, `created_at` timestamp null, `updated_at` timestamp null) default character set utf8mb4 collate 'utf8mb4_unicode_ci') at /Users/deepak/Desktop/deep_laravel/blogproject/vendor/laravel/framework/src/Illuminate/Database/Connection.php:825)
[stacktrace]
#0 /Users/deepak/Desktop/deep_laravel/blogproject/vendor/laravel/framework/src/Illuminate/Database/Connection.php(779): Illuminate\\Database\\Connection->runQueryCallback('create table `c...', Array, Object(Closure))
#1 /Users/deepak/Desktop/deep_laravel/blogproject/vendor/laravel/framework/src/Illuminate/Database/Connection.php(560): Illuminate\\Database\\Connection->run('create table `c...', Array, Object(Closure))
#2 /Users/deepak/Desktop/deep_laravel/blogproject/vendor/laravel/framework/src/Illuminate/Database/Schema/Blueprint.php(118): Illuminate\\Database\\Connection->statement('create table `c...')
#3 /Users/deepak/Desktop/deep_laravel/blogproject/vendor/laravel/framework/src/Illuminate/Database/Schema/Builder.php(564): Illuminate\\Database\\Schema\\Blueprint->build(Object(Illuminate\\Database\\MySqlConnection), Object(Illuminate\\Database\\Schema\\Grammars\\MySqlGrammar))
#4 /Users/deepak/Desktop/deep_laravel/blogproject/vendor/laravel/framework/src/Illuminate/Database/Schema/Builder.php(418): Illuminate\\Database\\Schema\\Builder->build(Object(Illuminate\\Database\\Schema\\Blueprint))
#5 /Users/deepak/Desktop/deep_laravel/blogproject/vendor/laravel/framework/src/Illuminate/Support/Facades/Facade.php(361): Illuminate\\Database\\Schema\\Builder->create('categories', Object(Closure))
#6 /Users/deepak/Desktop/deep_laravel/blogproject/database/migrations/2025_02_04_060720_create_categories_table.php(11): Illuminate\\Support\\Facades\\Facade::__callStatic('create', Array)
#7 /Users/deepak/Desktop/deep_laravel/blogproject/vendor/laravel/framework/src/Illuminate/Database/Migrations/Migrator.php(484): CreateCategoriesTable->up()
#8 /Users/deepak/Desktop/deep_laravel/blogproject/vendor/laravel/framework/src/Illuminate/Database/Migrations/Migrator.php(409): Illuminate\\Database\\Migrations\\Migrator->runMethod(Object(Illuminate\\Database\\MySqlConnection), Object(CreateCategoriesTable), 'up')
#9 /Users/deepak/Desktop/deep_laravel/blogproject/vendor/laravel/framework/src/Illuminate/Database/Migrations/Migrator.php(418): Illuminate\\Database\\Migrations\\Migrator->Illuminate\\Database\\Migrations\\{closure}()
#10 /Users/deepak/Desktop/deep_laravel/blogproject/vendor/laravel/framework/src/Illuminate/Database/Migrations/Migrator.php(221): Illuminate\\Database\\Migrations\\Migrator->runMigration(Object(CreateCategoriesTable), 'up')
#11 /Users/deepak/Desktop/deep_laravel/blogproject/vendor/laravel/framework/src/Illuminate/Console/View/Components/Task.php(40): Illuminate\\Database\\Migrations\\Migrator->Illuminate\\Database\\Migrations\\{closure}()
#12 /Users/deepak/Desktop/deep_laravel/blogproject/vendor/laravel/framework/src/Illuminate/Database/Migrations/Migrator.php(764): Illuminate\\Console\\View\\Components\\Task->render('2025_02_04_0607...', Object(Closure))
#13 /Users/deepak/Desktop/deep_laravel/blogproject/vendor/laravel/framework/src/Illuminate/Database/Migrations/Migrator.php(221): Illuminate\\Database\\Migrations\\Migrator->write('Illuminate\\\\Cons...', '2025_02_04_0607...', Object(Closure))
#14 /Users/deepak/Desktop/deep_laravel/blogproject/vendor/laravel/framework/src/Illuminate/Database/Migrations/Migrator.php(188): Illuminate\\Database\\Migrations\\Migrator->runUp('/Users/deepak/D...', 2, false)
#15 /Users/deepak/Desktop/deep_laravel/blogproject/vendor/laravel/framework/src/Illuminate/Database/Migrations/Migrator.php(131): Illuminate\\Database\\Migrations\\Migrator->runPending(Array, Array)
#16 /Users/deepak/Desktop/deep_laravel/blogproject/vendor/laravel/framework/src/Illuminate/Database/Console/Migrations/MigrateCommand.php(117): Illuminate\\Database\\Migrations\\Migrator->run(Array, Array)
#17 /Users/deepak/Desktop/deep_laravel/blogproject/vendor/laravel/framework/src/Illuminate/Database/Migrations/Migrator.php(624): Illuminate\\Database\\Console\\Migrations\\MigrateCommand->Illuminate\\Database\\Console\\Migrations\\{closure}()
#18 /Users/deepak/Desktop/deep_laravel/blogproject/vendor/laravel/framework/src/Illuminate/Database/Console/Migrations/MigrateCommand.php(110): Illuminate\\Database\\Migrations\\Migrator->usingConnection(NULL, Object(Closure))
#19 /Users/deepak/Desktop/deep_laravel/blogproject/vendor/laravel/framework/src/Illuminate/Database/Console/Migrations/MigrateCommand.php(89): Illuminate\\Database\\Console\\Migrations\\MigrateCommand->runMigrations()
#20 /Users/deepak/Desktop/deep_laravel/blogproject/vendor/laravel/framework/src/Illuminate/Container/BoundMethod.php(36): Illuminate\\Database\\Console\\Migrations\\MigrateCommand->handle()
#21 /Users/deepak/Desktop/deep_laravel/blogproject/vendor/laravel/framework/src/Illuminate/Container/Util.php(43): Illuminate\\Container\\BoundMethod::Illuminate\\Container\\{closure}()
#22 /Users/deepak/Desktop/deep_laravel/blogproject/vendor/laravel/framework/src/Illuminate/Container/BoundMethod.php(95): Illuminate\\Container\\Util::unwrapIfClosure(Object(Closure))
#23 /Users/deepak/Desktop/deep_laravel/blogproject/vendor/laravel/framework/src/Illuminate/Container/BoundMethod.php(35): Illuminate\\Container\\BoundMethod::callBoundMethod(Object(Illuminate\\Foundation\\Application), Array, Object(Closure))
#24 /Users/deepak/Desktop/deep_laravel/blogproject/vendor/laravel/framework/src/Illuminate/Container/Container.php(694): Illuminate\\Container\\BoundMethod::call(Object(Illuminate\\Foundation\\Application), Array, Array, NULL)
#25 /Users/deepak/Desktop/deep_laravel/blogproject/vendor/laravel/framework/src/Illuminate/Console/Command.php(213): Illuminate\\Container\\Container->call(Array)
#26 /Users/deepak/Desktop/deep_laravel/blogproject/vendor/symfony/console/Command/Command.php(279): Illuminate\\Console\\Command->execute(Object(Symfony\\Component\\Console\\Input\\ArgvInput), Object(Illuminate\\Console\\OutputStyle))
#27 /Users/deepak/Desktop/deep_laravel/blogproject/vendor/laravel/framework/src/Illuminate/Console/Command.php(182): Symfony\\Component\\Console\\Command\\Command->run(Object(Symfony\\Component\\Console\\Input\\ArgvInput), Object(Illuminate\\Console\\OutputStyle))
#28 /Users/deepak/Desktop/deep_laravel/blogproject/vendor/symfony/console/Application.php(1094): Illuminate\\Console\\Command->run(Object(Symfony\\Component\\Console\\Input\\ArgvInput), Object(Symfony\\Component\\Console\\Output\\ConsoleOutput))
#29 /Users/deepak/Desktop/deep_laravel/blogproject/vendor/symfony/console/Application.php(342): Symfony\\Component\\Console\\Application->doRunCommand(Object(Illuminate\\Database\\Console\\Migrations\\MigrateCommand), Object(Symfony\\Component\\Console\\Input\\ArgvInput), Object(Symfony\\Component\\Console\\Output\\ConsoleOutput))
#30 /Users/deepak/Desktop/deep_laravel/blogproject/vendor/symfony/console/Application.php(193): Symfony\\Component\\Console\\Application->doRun(Object(Symfony\\Component\\Console\\Input\\ArgvInput), Object(Symfony\\Component\\Console\\Output\\ConsoleOutput))
#31 /Users/deepak/Desktop/deep_laravel/blogproject/vendor/laravel/framework/src/Illuminate/Foundation/Console/Kernel.php(198): Symfony\\Component\\Console\\Application->run(Object(Symfony\\Component\\Console\\Input\\ArgvInput), Object(Symfony\\Component\\Console\\Output\\ConsoleOutput))
#32 /Users/deepak/Desktop/deep_laravel/blogproject/vendor/laravel/framework/src/Illuminate/Foundation/Application.php(1231): Illuminate\\Foundation\\Console\\Kernel->handle(Object(Symfony\\Component\\Console\\Input\\ArgvInput), Object(Symfony\\Component\\Console\\Output\\ConsoleOutput))
#33 /Users/deepak/Desktop/deep_laravel/blogproject/artisan(13): Illuminate\\Foundation\\Application->handleCommand(Object(Symfony\\Component\\Console\\Input\\ArgvInput))
#34 {main}

[previous exception] [object] (PDOException(code: 42S01): SQLSTATE[42S01]: Base table or view already exists: 1050 Table 'categories' already exists at /Users/deepak/Desktop/deep_laravel/blogproject/vendor/laravel/framework/src/Illuminate/Database/Connection.php:571)
[stacktrace]
#0 /Users/deepak/Desktop/deep_laravel/blogproject/vendor/laravel/framework/src/Illuminate/Database/Connection.php(571): PDOStatement->execute()
#1 /Users/deepak/Desktop/deep_laravel/blogproject/vendor/laravel/framework/src/Illuminate/Database/Connection.php(812): Illuminate\\Database\\Connection->Illuminate\\Database\\{closure}('create table `c...', Array)
#2 /Users/deepak/Desktop/deep_laravel/blogproject/vendor/laravel/framework/src/Illuminate/Database/Connection.php(779): Illuminate\\Database\\Connection->runQueryCallback('create table `c...', Array, Object(Closure))
#3 /Users/deepak/Desktop/deep_laravel/blogproject/vendor/laravel/framework/src/Illuminate/Database/Connection.php(560): Illuminate\\Database\\Connection->run('create table `c...', Array, Object(Closure))
#4 /Users/deepak/Desktop/deep_laravel/blogproject/vendor/laravel/framework/src/Illuminate/Database/Schema/Blueprint.php(118): Illuminate\\Database\\Connection->statement('create table `c...')
#5 /Users/deepak/Desktop/deep_laravel/blogproject/vendor/laravel/framework/src/Illuminate/Database/Schema/Builder.php(564): Illuminate\\Database\\Schema\\Blueprint->build(Object(Illuminate\\Database\\MySqlConnection), Object(Illuminate\\Database\\Schema\\Grammars\\MySqlGrammar))
#6 /Users/deepak/Desktop/deep_laravel/blogproject/vendor/laravel/framework/src/Illuminate/Database/Schema/Builder.php(418): Illuminate\\Database\\Schema\\Builder->build(Object(Illuminate\\Database\\Schema\\Blueprint))
#7 /Users/deepak/Desktop/deep_laravel/blogproject/vendor/laravel/framework/src/Illuminate/Support/Facades/Facade.php(361): Illuminate\\Database\\Schema\\Builder->create('categories', Object(Closure))
#8 /Users/deepak/Desktop/deep_laravel/blogproject/database/migrations/2025_02_04_060720_create_categories_table.php(11): Illuminate\\Support\\Facades\\Facade::__callStatic('create', Array)
#9 /Users/deepak/Desktop/deep_laravel/blogproject/vendor/laravel/framework/src/Illuminate/Database/Migrations/Migrator.php(484): CreateCategoriesTable->up()
#10 /Users/deepak/Desktop/deep_laravel/blogproject/vendor/laravel/framework/src/Illuminate/Database/Migrations/Migrator.php(409): Illuminate\\Database\\Migrations\\Migrator->runMethod(Object(Illuminate\\Database\\MySqlConnection), Object(CreateCategoriesTable), 'up')
#11 /Users/deepak/Desktop/deep_laravel/blogproject/vendor/laravel/framework/src/Illuminate/Database/Migrations/Migrator.php(418): Illuminate\\Database\\Migrations\\Migrator->Illuminate\\Database\\Migrations\\{closure}()
#12 /Users/deepak/Desktop/deep_laravel/blogproject/vendor/laravel/framework/src/Illuminate/Database/Migrations/Migrator.php(221): Illuminate\\Database\\Migrations\\Migrator->runMigration(Object(CreateCategoriesTable), 'up')
#13 /Users/deepak/Desktop/deep_laravel/blogproject/vendor/laravel/framework/src/Illuminate/Console/View/Components/Task.php(40): Illuminate\\Database\\Migrations\\Migrator->Illuminate\\Database\\Migrations\\{closure}()
#14 /Users/deepak/Desktop/deep_laravel/blogproject/vendor/laravel/framework/src/Illuminate/Database/Migrations/Migrator.php(764): Illuminate\\Console\\View\\Components\\Task->render('2025_02_04_0607...', Object(Closure))
#15 /Users/deepak/Desktop/deep_laravel/blogproject/vendor/laravel/framework/src/Illuminate/Database/Migrations/Migrator.php(221): Illuminate\\Database\\Migrations\\Migrator->write('Illuminate\\\\Cons...', '2025_02_04_0607...', Object(Closure))
#16 /Users/deepak/Desktop/deep_laravel/blogproject/vendor/laravel/framework/src/Illuminate/Database/Migrations/Migrator.php(188): Illuminate\\Database\\Migrations\\Migrator->runUp('/Users/deepak/D...', 2, false)
#17 /Users/deepak/Desktop/deep_laravel/blogproject/vendor/laravel/framework/src/Illuminate/Database/Migrations/Migrator.php(131): Illuminate\\Database\\Migrations\\Migrator->runPending(Array, Array)
#18 /Users/deepak/Desktop/deep_laravel/blogproject/vendor/laravel/framework/src/Illuminate/Database/Console/Migrations/MigrateCommand.php(117): Illuminate\\Database\\Migrations\\Migrator->run(Array, Array)
#19 /Users/deepak/Desktop/deep_laravel/blogproject/vendor/laravel/framework/src/Illuminate/Database/Migrations/Migrator.php(624): Illuminate\\Database\\Console\\Migrations\\MigrateCommand->Illuminate\\Database\\Console\\Migrations\\{closure}()
#20 /Users/deepak/Desktop/deep_laravel/blogproject/vendor/laravel/framework/src/Illuminate/Database/Console/Migrations/MigrateCommand.php(110): Illuminate\\Database\\Migrations\\Migrator->usingConnection(NULL, Object(Closure))
#21 /Users/deepak/Desktop/deep_laravel/blogproject/vendor/laravel/framework/src/Illuminate/Database/Console/Migrations/MigrateCommand.php(89): Illuminate\\Database\\Console\\Migrations\\MigrateCommand->runMigrations()
#22 /Users/deepak/Desktop/deep_laravel/blogproject/vendor/laravel/framework/src/Illuminate/Container/BoundMethod.php(36): Illuminate\\Database\\Console\\Migrations\\MigrateCommand->handle()
#23 /Users/deepak/Desktop/deep_laravel/blogproject/vendor/laravel/framework/src/Illuminate/Container/Util.php(43): Illuminate\\Container\\BoundMethod::Illuminate\\Container\\{closure}()
#24 /Users/deepak/Desktop/deep_laravel/blogproject/vendor/laravel/framework/src/Illuminate/Container/BoundMethod.php(95): Illuminate\\Container\\Util::unwrapIfClosure(Object(Closure))
#25 /Users/deepak/Desktop/deep_laravel/blogproject/vendor/laravel/framework/src/Illuminate/Container/BoundMethod.php(35): Illuminate\\Container\\BoundMethod::callBoundMethod(Object(Illuminate\\Foundation\\Application), Array, Object(Closure))
#26 /Users/deepak/Desktop/deep_laravel/blogproject/vendor/laravel/framework/src/Illuminate/Container/Container.php(694): Illuminate\\Container\\BoundMethod::call(Object(Illuminate\\Foundation\\Application), Array, Array, NULL)
#27 /Users/deepak/Desktop/deep_laravel/blogproject/vendor/laravel/framework/src/Illuminate/Console/Command.php(213): Illuminate\\Container\\Container->call(Array)
#28 /Users/deepak/Desktop/deep_laravel/blogproject/vendor/symfony/console/Command/Command.php(279): Illuminate\\Console\\Command->execute(Object(Symfony\\Component\\Console\\Input\\ArgvInput), Object(Illuminate\\Console\\OutputStyle))
#29 /Users/deepak/Desktop/deep_laravel/blogproject/vendor/laravel/framework/src/Illuminate/Console/Command.php(182): Symfony\\Component\\Console\\Command\\Command->run(Object(Symfony\\Component\\Console\\Input\\ArgvInput), Object(Illuminate\\Console\\OutputStyle))
#30 /Users/deepak/Desktop/deep_laravel/blogproject/vendor/symfony/console/Application.php(1094): Illuminate\\Console\\Command->run(Object(Symfony\\Component\\Console\\Input\\ArgvInput), Object(Symfony\\Component\\Console\\Output\\ConsoleOutput))
#31 /Users/deepak/Desktop/deep_laravel/blogproject/vendor/symfony/console/Application.php(342): Symfony\\Component\\Console\\Application->doRunCommand(Object(Illuminate\\Database\\Console\\Migrations\\MigrateCommand), Object(Symfony\\Component\\Console\\Input\\ArgvInput), Object(Symfony\\Component\\Console\\Output\\ConsoleOutput))
#32 /Users/deepak/Desktop/deep_laravel/blogproject/vendor/symfony/console/Application.php(193): Symfony\\Component\\Console\\Application->doRun(Object(Symfony\\Component\\Console\\Input\\ArgvInput), Object(Symfony\\Component\\Console\\Output\\ConsoleOutput))
#33 /Users/deepak/Desktop/deep_laravel/blogproject/vendor/laravel/framework/src/Illuminate/Foundation/Console/Kernel.php(198): Symfony\\Component\\Console\\Application->run(Object(Symfony\\Component\\Console\\Input\\ArgvInput), Object(Symfony\\Component\\Console\\Output\\ConsoleOutput))
#34 /Users/deepak/Desktop/deep_laravel/blogproject/vendor/laravel/framework/src/Illuminate/Foundation/Application.php(1231): Illuminate\\Foundation\\Console\\Kernel->handle(Object(Symfony\\Component\\Console\\Input\\ArgvInput), Object(Symfony\\Component\\Console\\Output\\ConsoleOutput))
#35 /Users/deepak/Desktop/deep_laravel/blogproject/artisan(13): Illuminate\\Foundation\\Application->handleCommand(Object(Symfony\\Component\\Console\\Input\\ArgvInput))
#36 {main}
"} 
[2025-02-04 06:08:20] local.ERROR: SQLSTATE[42S01]: Base table or view already exists: 1050 Table 'categories' already exists (Connection: mysql, SQL: create table `categories` (`id` bigint unsigned not null auto_increment primary key, `name` varchar(255) not null, `meta_title` varchar(255) null, `meta_description` text null, `created_at` timestamp null, `updated_at` timestamp null) default character set utf8mb4 collate 'utf8mb4_unicode_ci') {"exception":"[object] (Illuminate\\Database\\QueryException(code: 42S01): SQLSTATE[42S01]: Base table or view already exists: 1050 Table 'categories' already exists (Connection: mysql, SQL: create table `categories` (`id` bigint unsigned not null auto_increment primary key, `name` varchar(255) not null, `meta_title` varchar(255) null, `meta_description` text null, `created_at` timestamp null, `updated_at` timestamp null) default character set utf8mb4 collate 'utf8mb4_unicode_ci') at /Users/deepak/Desktop/deep_laravel/blogproject/vendor/laravel/framework/src/Illuminate/Database/Connection.php:825)
[stacktrace]
#0 /Users/deepak/Desktop/deep_laravel/blogproject/vendor/laravel/framework/src/Illuminate/Database/Connection.php(779): Illuminate\\Database\\Connection->runQueryCallback('create table `c...', Array, Object(Closure))
#1 /Users/deepak/Desktop/deep_laravel/blogproject/vendor/laravel/framework/src/Illuminate/Database/Connection.php(560): Illuminate\\Database\\Connection->run('create table `c...', Array, Object(Closure))
#2 /Users/deepak/Desktop/deep_laravel/blogproject/vendor/laravel/framework/src/Illuminate/Database/Schema/Blueprint.php(118): Illuminate\\Database\\Connection->statement('create table `c...')
#3 /Users/deepak/Desktop/deep_laravel/blogproject/vendor/laravel/framework/src/Illuminate/Database/Schema/Builder.php(564): Illuminate\\Database\\Schema\\Blueprint->build(Object(Illuminate\\Database\\MySqlConnection), Object(Illuminate\\Database\\Schema\\Grammars\\MySqlGrammar))
#4 /Users/deepak/Desktop/deep_laravel/blogproject/vendor/laravel/framework/src/Illuminate/Database/Schema/Builder.php(418): Illuminate\\Database\\Schema\\Builder->build(Object(Illuminate\\Database\\Schema\\Blueprint))
#5 /Users/deepak/Desktop/deep_laravel/blogproject/vendor/laravel/framework/src/Illuminate/Support/Facades/Facade.php(361): Illuminate\\Database\\Schema\\Builder->create('categories', Object(Closure))
#6 /Users/deepak/Desktop/deep_laravel/blogproject/database/migrations/2025_02_04_060720_create_categories_table.php(11): Illuminate\\Support\\Facades\\Facade::__callStatic('create', Array)
#7 /Users/deepak/Desktop/deep_laravel/blogproject/vendor/laravel/framework/src/Illuminate/Database/Migrations/Migrator.php(484): CreateCategoriesTable->up()
#8 /Users/deepak/Desktop/deep_laravel/blogproject/vendor/laravel/framework/src/Illuminate/Database/Migrations/Migrator.php(409): Illuminate\\Database\\Migrations\\Migrator->runMethod(Object(Illuminate\\Database\\MySqlConnection), Object(CreateCategoriesTable), 'up')
#9 /Users/deepak/Desktop/deep_laravel/blogproject/vendor/laravel/framework/src/Illuminate/Database/Migrations/Migrator.php(418): Illuminate\\Database\\Migrations\\Migrator->Illuminate\\Database\\Migrations\\{closure}()
#10 /Users/deepak/Desktop/deep_laravel/blogproject/vendor/laravel/framework/src/Illuminate/Database/Migrations/Migrator.php(221): Illuminate\\Database\\Migrations\\Migrator->runMigration(Object(CreateCategoriesTable), 'up')
#11 /Users/deepak/Desktop/deep_laravel/blogproject/vendor/laravel/framework/src/Illuminate/Console/View/Components/Task.php(40): Illuminate\\Database\\Migrations\\Migrator->Illuminate\\Database\\Migrations\\{closure}()
#12 /Users/deepak/Desktop/deep_laravel/blogproject/vendor/laravel/framework/src/Illuminate/Database/Migrations/Migrator.php(764): Illuminate\\Console\\View\\Components\\Task->render('2025_02_04_0607...', Object(Closure))
#13 /Users/deepak/Desktop/deep_laravel/blogproject/vendor/laravel/framework/src/Illuminate/Database/Migrations/Migrator.php(221): Illuminate\\Database\\Migrations\\Migrator->write('Illuminate\\\\Cons...', '2025_02_04_0607...', Object(Closure))
#14 /Users/deepak/Desktop/deep_laravel/blogproject/vendor/laravel/framework/src/Illuminate/Database/Migrations/Migrator.php(188): Illuminate\\Database\\Migrations\\Migrator->runUp('/Users/deepak/D...', 2, false)
#15 /Users/deepak/Desktop/deep_laravel/blogproject/vendor/laravel/framework/src/Illuminate/Database/Migrations/Migrator.php(131): Illuminate\\Database\\Migrations\\Migrator->runPending(Array, Array)
#16 /Users/deepak/Desktop/deep_laravel/blogproject/vendor/laravel/framework/src/Illuminate/Database/Console/Migrations/MigrateCommand.php(117): Illuminate\\Database\\Migrations\\Migrator->run(Array, Array)
#17 /Users/deepak/Desktop/deep_laravel/blogproject/vendor/laravel/framework/src/Illuminate/Database/Migrations/Migrator.php(624): Illuminate\\Database\\Console\\Migrations\\MigrateCommand->Illuminate\\Database\\Console\\Migrations\\{closure}()
#18 /Users/deepak/Desktop/deep_laravel/blogproject/vendor/laravel/framework/src/Illuminate/Database/Console/Migrations/MigrateCommand.php(110): Illuminate\\Database\\Migrations\\Migrator->usingConnection(NULL, Object(Closure))
#19 /Users/deepak/Desktop/deep_laravel/blogproject/vendor/laravel/framework/src/Illuminate/Database/Console/Migrations/MigrateCommand.php(89): Illuminate\\Database\\Console\\Migrations\\MigrateCommand->runMigrations()
#20 /Users/deepak/Desktop/deep_laravel/blogproject/vendor/laravel/framework/src/Illuminate/Container/BoundMethod.php(36): Illuminate\\Database\\Console\\Migrations\\MigrateCommand->handle()
#21 /Users/deepak/Desktop/deep_laravel/blogproject/vendor/laravel/framework/src/Illuminate/Container/Util.php(43): Illuminate\\Container\\BoundMethod::Illuminate\\Container\\{closure}()
#22 /Users/deepak/Desktop/deep_laravel/blogproject/vendor/laravel/framework/src/Illuminate/Container/BoundMethod.php(95): Illuminate\\Container\\Util::unwrapIfClosure(Object(Closure))
#23 /Users/deepak/Desktop/deep_laravel/blogproject/vendor/laravel/framework/src/Illuminate/Container/BoundMethod.php(35): Illuminate\\Container\\BoundMethod::callBoundMethod(Object(Illuminate\\Foundation\\Application), Array, Object(Closure))
#24 /Users/deepak/Desktop/deep_laravel/blogproject/vendor/laravel/framework/src/Illuminate/Container/Container.php(694): Illuminate\\Container\\BoundMethod::call(Object(Illuminate\\Foundation\\Application), Array, Array, NULL)
#25 /Users/deepak/Desktop/deep_laravel/blogproject/vendor/laravel/framework/src/Illuminate/Console/Command.php(213): Illuminate\\Container\\Container->call(Array)
#26 /Users/deepak/Desktop/deep_laravel/blogproject/vendor/symfony/console/Command/Command.php(279): Illuminate\\Console\\Command->execute(Object(Symfony\\Component\\Console\\Input\\ArgvInput), Object(Illuminate\\Console\\OutputStyle))
#27 /Users/deepak/Desktop/deep_laravel/blogproject/vendor/laravel/framework/src/Illuminate/Console/Command.php(182): Symfony\\Component\\Console\\Command\\Command->run(Object(Symfony\\Component\\Console\\Input\\ArgvInput), Object(Illuminate\\Console\\OutputStyle))
#28 /Users/deepak/Desktop/deep_laravel/blogproject/vendor/symfony/console/Application.php(1094): Illuminate\\Console\\Command->run(Object(Symfony\\Component\\Console\\Input\\ArgvInput), Object(Symfony\\Component\\Console\\Output\\ConsoleOutput))
#29 /Users/deepak/Desktop/deep_laravel/blogproject/vendor/symfony/console/Application.php(342): Symfony\\Component\\Console\\Application->doRunCommand(Object(Illuminate\\Database\\Console\\Migrations\\MigrateCommand), Object(Symfony\\Component\\Console\\Input\\ArgvInput), Object(Symfony\\Component\\Console\\Output\\ConsoleOutput))
#30 /Users/deepak/Desktop/deep_laravel/blogproject/vendor/symfony/console/Application.php(193): Symfony\\Component\\Console\\Application->doRun(Object(Symfony\\Component\\Console\\Input\\ArgvInput), Object(Symfony\\Component\\Console\\Output\\ConsoleOutput))
#31 /Users/deepak/Desktop/deep_laravel/blogproject/vendor/laravel/framework/src/Illuminate/Foundation/Console/Kernel.php(198): Symfony\\Component\\Console\\Application->run(Object(Symfony\\Component\\Console\\Input\\ArgvInput), Object(Symfony\\Component\\Console\\Output\\ConsoleOutput))
#32 /Users/deepak/Desktop/deep_laravel/blogproject/vendor/laravel/framework/src/Illuminate/Foundation/Application.php(1231): Illuminate\\Foundation\\Console\\Kernel->handle(Object(Symfony\\Component\\Console\\Input\\ArgvInput), Object(Symfony\\Component\\Console\\Output\\ConsoleOutput))
#33 /Users/deepak/Desktop/deep_laravel/blogproject/artisan(13): Illuminate\\Foundation\\Application->handleCommand(Object(Symfony\\Component\\Console\\Input\\ArgvInput))
#34 {main}

[previous exception] [object] (PDOException(code: 42S01): SQLSTATE[42S01]: Base table or view already exists: 1050 Table 'categories' already exists at /Users/deepak/Desktop/deep_laravel/blogproject/vendor/laravel/framework/src/Illuminate/Database/Connection.php:571)
[stacktrace]
#0 /Users/deepak/Desktop/deep_laravel/blogproject/vendor/laravel/framework/src/Illuminate/Database/Connection.php(571): PDOStatement->execute()
#1 /Users/deepak/Desktop/deep_laravel/blogproject/vendor/laravel/framework/src/Illuminate/Database/Connection.php(812): Illuminate\\Database\\Connection->Illuminate\\Database\\{closure}('create table `c...', Array)
#2 /Users/deepak/Desktop/deep_laravel/blogproject/vendor/laravel/framework/src/Illuminate/Database/Connection.php(779): Illuminate\\Database\\Connection->runQueryCallback('create table `c...', Array, Object(Closure))
#3 /Users/deepak/Desktop/deep_laravel/blogproject/vendor/laravel/framework/src/Illuminate/Database/Connection.php(560): Illuminate\\Database\\Connection->run('create table `c...', Array, Object(Closure))
#4 /Users/deepak/Desktop/deep_laravel/blogproject/vendor/laravel/framework/src/Illuminate/Database/Schema/Blueprint.php(118): Illuminate\\Database\\Connection->statement('create table `c...')
#5 /Users/deepak/Desktop/deep_laravel/blogproject/vendor/laravel/framework/src/Illuminate/Database/Schema/Builder.php(564): Illuminate\\Database\\Schema\\Blueprint->build(Object(Illuminate\\Database\\MySqlConnection), Object(Illuminate\\Database\\Schema\\Grammars\\MySqlGrammar))
#6 /Users/deepak/Desktop/deep_laravel/blogproject/vendor/laravel/framework/src/Illuminate/Database/Schema/Builder.php(418): Illuminate\\Database\\Schema\\Builder->build(Object(Illuminate\\Database\\Schema\\Blueprint))
#7 /Users/deepak/Desktop/deep_laravel/blogproject/vendor/laravel/framework/src/Illuminate/Support/Facades/Facade.php(361): Illuminate\\Database\\Schema\\Builder->create('categories', Object(Closure))
#8 /Users/deepak/Desktop/deep_laravel/blogproject/database/migrations/2025_02_04_060720_create_categories_table.php(11): Illuminate\\Support\\Facades\\Facade::__callStatic('create', Array)
#9 /Users/deepak/Desktop/deep_laravel/blogproject/vendor/laravel/framework/src/Illuminate/Database/Migrations/Migrator.php(484): CreateCategoriesTable->up()
#10 /Users/deepak/Desktop/deep_laravel/blogproject/vendor/laravel/framework/src/Illuminate/Database/Migrations/Migrator.php(409): Illuminate\\Database\\Migrations\\Migrator->runMethod(Object(Illuminate\\Database\\MySqlConnection), Object(CreateCategoriesTable), 'up')
#11 /Users/deepak/Desktop/deep_laravel/blogproject/vendor/laravel/framework/src/Illuminate/Database/Migrations/Migrator.php(418): Illuminate\\Database\\Migrations\\Migrator->Illuminate\\Database\\Migrations\\{closure}()
#12 /Users/deepak/Desktop/deep_laravel/blogproject/vendor/laravel/framework/src/Illuminate/Database/Migrations/Migrator.php(221): Illuminate\\Database\\Migrations\\Migrator->runMigration(Object(CreateCategoriesTable), 'up')
#13 /Users/deepak/Desktop/deep_laravel/blogproject/vendor/laravel/framework/src/Illuminate/Console/View/Components/Task.php(40): Illuminate\\Database\\Migrations\\Migrator->Illuminate\\Database\\Migrations\\{closure}()
#14 /Users/deepak/Desktop/deep_laravel/blogproject/vendor/laravel/framework/src/Illuminate/Database/Migrations/Migrator.php(764): Illuminate\\Console\\View\\Components\\Task->render('2025_02_04_0607...', Object(Closure))
#15 /Users/deepak/Desktop/deep_laravel/blogproject/vendor/laravel/framework/src/Illuminate/Database/Migrations/Migrator.php(221): Illuminate\\Database\\Migrations\\Migrator->write('Illuminate\\\\Cons...', '2025_02_04_0607...', Object(Closure))
#16 /Users/deepak/Desktop/deep_laravel/blogproject/vendor/laravel/framework/src/Illuminate/Database/Migrations/Migrator.php(188): Illuminate\\Database\\Migrations\\Migrator->runUp('/Users/deepak/D...', 2, false)
#17 /Users/deepak/Desktop/deep_laravel/blogproject/vendor/laravel/framework/src/Illuminate/Database/Migrations/Migrator.php(131): Illuminate\\Database\\Migrations\\Migrator->runPending(Array, Array)
#18 /Users/deepak/Desktop/deep_laravel/blogproject/vendor/laravel/framework/src/Illuminate/Database/Console/Migrations/MigrateCommand.php(117): Illuminate\\Database\\Migrations\\Migrator->run(Array, Array)
#19 /Users/deepak/Desktop/deep_laravel/blogproject/vendor/laravel/framework/src/Illuminate/Database/Migrations/Migrator.php(624): Illuminate\\Database\\Console\\Migrations\\MigrateCommand->Illuminate\\Database\\Console\\Migrations\\{closure}()
#20 /Users/deepak/Desktop/deep_laravel/blogproject/vendor/laravel/framework/src/Illuminate/Database/Console/Migrations/MigrateCommand.php(110): Illuminate\\Database\\Migrations\\Migrator->usingConnection(NULL, Object(Closure))
#21 /Users/deepak/Desktop/deep_laravel/blogproject/vendor/laravel/framework/src/Illuminate/Database/Console/Migrations/MigrateCommand.php(89): Illuminate\\Database\\Console\\Migrations\\MigrateCommand->runMigrations()
#22 /Users/deepak/Desktop/deep_laravel/blogproject/vendor/laravel/framework/src/Illuminate/Container/BoundMethod.php(36): Illuminate\\Database\\Console\\Migrations\\MigrateCommand->handle()
#23 /Users/deepak/Desktop/deep_laravel/blogproject/vendor/laravel/framework/src/Illuminate/Container/Util.php(43): Illuminate\\Container\\BoundMethod::Illuminate\\Container\\{closure}()
#24 /Users/deepak/Desktop/deep_laravel/blogproject/vendor/laravel/framework/src/Illuminate/Container/BoundMethod.php(95): Illuminate\\Container\\Util::unwrapIfClosure(Object(Closure))
#25 /Users/deepak/Desktop/deep_laravel/blogproject/vendor/laravel/framework/src/Illuminate/Container/BoundMethod.php(35): Illuminate\\Container\\BoundMethod::callBoundMethod(Object(Illuminate\\Foundation\\Application), Array, Object(Closure))
#26 /Users/deepak/Desktop/deep_laravel/blogproject/vendor/laravel/framework/src/Illuminate/Container/Container.php(694): Illuminate\\Container\\BoundMethod::call(Object(Illuminate\\Foundation\\Application), Array, Array, NULL)
#27 /Users/deepak/Desktop/deep_laravel/blogproject/vendor/laravel/framework/src/Illuminate/Console/Command.php(213): Illuminate\\Container\\Container->call(Array)
#28 /Users/deepak/Desktop/deep_laravel/blogproject/vendor/symfony/console/Command/Command.php(279): Illuminate\\Console\\Command->execute(Object(Symfony\\Component\\Console\\Input\\ArgvInput), Object(Illuminate\\Console\\OutputStyle))
#29 /Users/deepak/Desktop/deep_laravel/blogproject/vendor/laravel/framework/src/Illuminate/Console/Command.php(182): Symfony\\Component\\Console\\Command\\Command->run(Object(Symfony\\Component\\Console\\Input\\ArgvInput), Object(Illuminate\\Console\\OutputStyle))
#30 /Users/deepak/Desktop/deep_laravel/blogproject/vendor/symfony/console/Application.php(1094): Illuminate\\Console\\Command->run(Object(Symfony\\Component\\Console\\Input\\ArgvInput), Object(Symfony\\Component\\Console\\Output\\ConsoleOutput))
#31 /Users/deepak/Desktop/deep_laravel/blogproject/vendor/symfony/console/Application.php(342): Symfony\\Component\\Console\\Application->doRunCommand(Object(Illuminate\\Database\\Console\\Migrations\\MigrateCommand), Object(Symfony\\Component\\Console\\Input\\ArgvInput), Object(Symfony\\Component\\Console\\Output\\ConsoleOutput))
#32 /Users/deepak/Desktop/deep_laravel/blogproject/vendor/symfony/console/Application.php(193): Symfony\\Component\\Console\\Application->doRun(Object(Symfony\\Component\\Console\\Input\\ArgvInput), Object(Symfony\\Component\\Console\\Output\\ConsoleOutput))
#33 /Users/deepak/Desktop/deep_laravel/blogproject/vendor/laravel/framework/src/Illuminate/Foundation/Console/Kernel.php(198): Symfony\\Component\\Console\\Application->run(Object(Symfony\\Component\\Console\\Input\\ArgvInput), Object(Symfony\\Component\\Console\\Output\\ConsoleOutput))
#34 /Users/deepak/Desktop/deep_laravel/blogproject/vendor/laravel/framework/src/Illuminate/Foundation/Application.php(1231): Illuminate\\Foundation\\Console\\Kernel->handle(Object(Symfony\\Component\\Console\\Input\\ArgvInput), Object(Symfony\\Component\\Console\\Output\\ConsoleOutput))
#35 /Users/deepak/Desktop/deep_laravel/blogproject/artisan(13): Illuminate\\Foundation\\Application->handleCommand(Object(Symfony\\Component\\Console\\Input\\ArgvInput))
#36 {main}
"} 
[2025-02-04 06:08:26] local.ERROR: SQLSTATE[42S01]: Base table or view already exists: 1050 Table 'categories' already exists (Connection: mysql, SQL: create table `categories` (`id` bigint unsigned not null auto_increment primary key, `name` varchar(255) not null, `meta_title` varchar(255) null, `meta_description` text null, `created_at` timestamp null, `updated_at` timestamp null) default character set utf8mb4 collate 'utf8mb4_unicode_ci') {"exception":"[object] (Illuminate\\Database\\QueryException(code: 42S01): SQLSTATE[42S01]: Base table or view already exists: 1050 Table 'categories' already exists (Connection: mysql, SQL: create table `categories` (`id` bigint unsigned not null auto_increment primary key, `name` varchar(255) not null, `meta_title` varchar(255) null, `meta_description` text null, `created_at` timestamp null, `updated_at` timestamp null) default character set utf8mb4 collate 'utf8mb4_unicode_ci') at /Users/deepak/Desktop/deep_laravel/blogproject/vendor/laravel/framework/src/Illuminate/Database/Connection.php:825)
[stacktrace]
#0 /Users/deepak/Desktop/deep_laravel/blogproject/vendor/laravel/framework/src/Illuminate/Database/Connection.php(779): Illuminate\\Database\\Connection->runQueryCallback('create table `c...', Array, Object(Closure))
#1 /Users/deepak/Desktop/deep_laravel/blogproject/vendor/laravel/framework/src/Illuminate/Database/Connection.php(560): Illuminate\\Database\\Connection->run('create table `c...', Array, Object(Closure))
#2 /Users/deepak/Desktop/deep_laravel/blogproject/vendor/laravel/framework/src/Illuminate/Database/Schema/Blueprint.php(118): Illuminate\\Database\\Connection->statement('create table `c...')
#3 /Users/deepak/Desktop/deep_laravel/blogproject/vendor/laravel/framework/src/Illuminate/Database/Schema/Builder.php(564): Illuminate\\Database\\Schema\\Blueprint->build(Object(Illuminate\\Database\\MySqlConnection), Object(Illuminate\\Database\\Schema\\Grammars\\MySqlGrammar))
#4 /Users/deepak/Desktop/deep_laravel/blogproject/vendor/laravel/framework/src/Illuminate/Database/Schema/Builder.php(418): Illuminate\\Database\\Schema\\Builder->build(Object(Illuminate\\Database\\Schema\\Blueprint))
#5 /Users/deepak/Desktop/deep_laravel/blogproject/vendor/laravel/framework/src/Illuminate/Support/Facades/Facade.php(361): Illuminate\\Database\\Schema\\Builder->create('categories', Object(Closure))
#6 /Users/deepak/Desktop/deep_laravel/blogproject/database/migrations/2025_02_04_060720_create_categories_table.php(11): Illuminate\\Support\\Facades\\Facade::__callStatic('create', Array)
#7 /Users/deepak/Desktop/deep_laravel/blogproject/vendor/laravel/framework/src/Illuminate/Database/Migrations/Migrator.php(484): CreateCategoriesTable->up()
#8 /Users/deepak/Desktop/deep_laravel/blogproject/vendor/laravel/framework/src/Illuminate/Database/Migrations/Migrator.php(409): Illuminate\\Database\\Migrations\\Migrator->runMethod(Object(Illuminate\\Database\\MySqlConnection), Object(CreateCategoriesTable), 'up')
#9 /Users/deepak/Desktop/deep_laravel/blogproject/vendor/laravel/framework/src/Illuminate/Database/Migrations/Migrator.php(418): Illuminate\\Database\\Migrations\\Migrator->Illuminate\\Database\\Migrations\\{closure}()
#10 /Users/deepak/Desktop/deep_laravel/blogproject/vendor/laravel/framework/src/Illuminate/Database/Migrations/Migrator.php(221): Illuminate\\Database\\Migrations\\Migrator->runMigration(Object(CreateCategoriesTable), 'up')
#11 /Users/deepak/Desktop/deep_laravel/blogproject/vendor/laravel/framework/src/Illuminate/Console/View/Components/Task.php(40): Illuminate\\Database\\Migrations\\Migrator->Illuminate\\Database\\Migrations\\{closure}()
#12 /Users/deepak/Desktop/deep_laravel/blogproject/vendor/laravel/framework/src/Illuminate/Database/Migrations/Migrator.php(764): Illuminate\\Console\\View\\Components\\Task->render('2025_02_04_0607...', Object(Closure))
#13 /Users/deepak/Desktop/deep_laravel/blogproject/vendor/laravel/framework/src/Illuminate/Database/Migrations/Migrator.php(221): Illuminate\\Database\\Migrations\\Migrator->write('Illuminate\\\\Cons...', '2025_02_04_0607...', Object(Closure))
#14 /Users/deepak/Desktop/deep_laravel/blogproject/vendor/laravel/framework/src/Illuminate/Database/Migrations/Migrator.php(188): Illuminate\\Database\\Migrations\\Migrator->runUp('/Users/deepak/D...', 2, false)
#15 /Users/deepak/Desktop/deep_laravel/blogproject/vendor/laravel/framework/src/Illuminate/Database/Migrations/Migrator.php(131): Illuminate\\Database\\Migrations\\Migrator->runPending(Array, Array)
#16 /Users/deepak/Desktop/deep_laravel/blogproject/vendor/laravel/framework/src/Illuminate/Database/Console/Migrations/MigrateCommand.php(117): Illuminate\\Database\\Migrations\\Migrator->run(Array, Array)
#17 /Users/deepak/Desktop/deep_laravel/blogproject/vendor/laravel/framework/src/Illuminate/Database/Migrations/Migrator.php(624): Illuminate\\Database\\Console\\Migrations\\MigrateCommand->Illuminate\\Database\\Console\\Migrations\\{closure}()
#18 /Users/deepak/Desktop/deep_laravel/blogproject/vendor/laravel/framework/src/Illuminate/Database/Console/Migrations/MigrateCommand.php(110): Illuminate\\Database\\Migrations\\Migrator->usingConnection(NULL, Object(Closure))
#19 /Users/deepak/Desktop/deep_laravel/blogproject/vendor/laravel/framework/src/Illuminate/Database/Console/Migrations/MigrateCommand.php(89): Illuminate\\Database\\Console\\Migrations\\MigrateCommand->runMigrations()
#20 /Users/deepak/Desktop/deep_laravel/blogproject/vendor/laravel/framework/src/Illuminate/Container/BoundMethod.php(36): Illuminate\\Database\\Console\\Migrations\\MigrateCommand->handle()
#21 /Users/deepak/Desktop/deep_laravel/blogproject/vendor/laravel/framework/src/Illuminate/Container/Util.php(43): Illuminate\\Container\\BoundMethod::Illuminate\\Container\\{closure}()
#22 /Users/deepak/Desktop/deep_laravel/blogproject/vendor/laravel/framework/src/Illuminate/Container/BoundMethod.php(95): Illuminate\\Container\\Util::unwrapIfClosure(Object(Closure))
#23 /Users/deepak/Desktop/deep_laravel/blogproject/vendor/laravel/framework/src/Illuminate/Container/BoundMethod.php(35): Illuminate\\Container\\BoundMethod::callBoundMethod(Object(Illuminate\\Foundation\\Application), Array, Object(Closure))
#24 /Users/deepak/Desktop/deep_laravel/blogproject/vendor/laravel/framework/src/Illuminate/Container/Container.php(694): Illuminate\\Container\\BoundMethod::call(Object(Illuminate\\Foundation\\Application), Array, Array, NULL)
#25 /Users/deepak/Desktop/deep_laravel/blogproject/vendor/laravel/framework/src/Illuminate/Console/Command.php(213): Illuminate\\Container\\Container->call(Array)
#26 /Users/deepak/Desktop/deep_laravel/blogproject/vendor/symfony/console/Command/Command.php(279): Illuminate\\Console\\Command->execute(Object(Symfony\\Component\\Console\\Input\\ArgvInput), Object(Illuminate\\Console\\OutputStyle))
#27 /Users/deepak/Desktop/deep_laravel/blogproject/vendor/laravel/framework/src/Illuminate/Console/Command.php(182): Symfony\\Component\\Console\\Command\\Command->run(Object(Symfony\\Component\\Console\\Input\\ArgvInput), Object(Illuminate\\Console\\OutputStyle))
#28 /Users/deepak/Desktop/deep_laravel/blogproject/vendor/symfony/console/Application.php(1094): Illuminate\\Console\\Command->run(Object(Symfony\\Component\\Console\\Input\\ArgvInput), Object(Symfony\\Component\\Console\\Output\\ConsoleOutput))
#29 /Users/deepak/Desktop/deep_laravel/blogproject/vendor/symfony/console/Application.php(342): Symfony\\Component\\Console\\Application->doRunCommand(Object(Illuminate\\Database\\Console\\Migrations\\MigrateCommand), Object(Symfony\\Component\\Console\\Input\\ArgvInput), Object(Symfony\\Component\\Console\\Output\\ConsoleOutput))
#30 /Users/deepak/Desktop/deep_laravel/blogproject/vendor/symfony/console/Application.php(193): Symfony\\Component\\Console\\Application->doRun(Object(Symfony\\Component\\Console\\Input\\ArgvInput), Object(Symfony\\Component\\Console\\Output\\ConsoleOutput))
#31 /Users/deepak/Desktop/deep_laravel/blogproject/vendor/laravel/framework/src/Illuminate/Foundation/Console/Kernel.php(198): Symfony\\Component\\Console\\Application->run(Object(Symfony\\Component\\Console\\Input\\ArgvInput), Object(Symfony\\Component\\Console\\Output\\ConsoleOutput))
#32 /Users/deepak/Desktop/deep_laravel/blogproject/vendor/laravel/framework/src/Illuminate/Foundation/Application.php(1231): Illuminate\\Foundation\\Console\\Kernel->handle(Object(Symfony\\Component\\Console\\Input\\ArgvInput), Object(Symfony\\Component\\Console\\Output\\ConsoleOutput))
#33 /Users/deepak/Desktop/deep_laravel/blogproject/artisan(13): Illuminate\\Foundation\\Application->handleCommand(Object(Symfony\\Component\\Console\\Input\\ArgvInput))
#34 {main}

[previous exception] [object] (PDOException(code: 42S01): SQLSTATE[42S01]: Base table or view already exists: 1050 Table 'categories' already exists at /Users/deepak/Desktop/deep_laravel/blogproject/vendor/laravel/framework/src/Illuminate/Database/Connection.php:571)
[stacktrace]
#0 /Users/deepak/Desktop/deep_laravel/blogproject/vendor/laravel/framework/src/Illuminate/Database/Connection.php(571): PDOStatement->execute()
#1 /Users/deepak/Desktop/deep_laravel/blogproject/vendor/laravel/framework/src/Illuminate/Database/Connection.php(812): Illuminate\\Database\\Connection->Illuminate\\Database\\{closure}('create table `c...', Array)
#2 /Users/deepak/Desktop/deep_laravel/blogproject/vendor/laravel/framework/src/Illuminate/Database/Connection.php(779): Illuminate\\Database\\Connection->runQueryCallback('create table `c...', Array, Object(Closure))
#3 /Users/deepak/Desktop/deep_laravel/blogproject/vendor/laravel/framework/src/Illuminate/Database/Connection.php(560): Illuminate\\Database\\Connection->run('create table `c...', Array, Object(Closure))
#4 /Users/deepak/Desktop/deep_laravel/blogproject/vendor/laravel/framework/src/Illuminate/Database/Schema/Blueprint.php(118): Illuminate\\Database\\Connection->statement('create table `c...')
#5 /Users/deepak/Desktop/deep_laravel/blogproject/vendor/laravel/framework/src/Illuminate/Database/Schema/Builder.php(564): Illuminate\\Database\\Schema\\Blueprint->build(Object(Illuminate\\Database\\MySqlConnection), Object(Illuminate\\Database\\Schema\\Grammars\\MySqlGrammar))
#6 /Users/deepak/Desktop/deep_laravel/blogproject/vendor/laravel/framework/src/Illuminate/Database/Schema/Builder.php(418): Illuminate\\Database\\Schema\\Builder->build(Object(Illuminate\\Database\\Schema\\Blueprint))
#7 /Users/deepak/Desktop/deep_laravel/blogproject/vendor/laravel/framework/src/Illuminate/Support/Facades/Facade.php(361): Illuminate\\Database\\Schema\\Builder->create('categories', Object(Closure))
#8 /Users/deepak/Desktop/deep_laravel/blogproject/database/migrations/2025_02_04_060720_create_categories_table.php(11): Illuminate\\Support\\Facades\\Facade::__callStatic('create', Array)
#9 /Users/deepak/Desktop/deep_laravel/blogproject/vendor/laravel/framework/src/Illuminate/Database/Migrations/Migrator.php(484): CreateCategoriesTable->up()
#10 /Users/deepak/Desktop/deep_laravel/blogproject/vendor/laravel/framework/src/Illuminate/Database/Migrations/Migrator.php(409): Illuminate\\Database\\Migrations\\Migrator->runMethod(Object(Illuminate\\Database\\MySqlConnection), Object(CreateCategoriesTable), 'up')
#11 /Users/deepak/Desktop/deep_laravel/blogproject/vendor/laravel/framework/src/Illuminate/Database/Migrations/Migrator.php(418): Illuminate\\Database\\Migrations\\Migrator->Illuminate\\Database\\Migrations\\{closure}()
#12 /Users/deepak/Desktop/deep_laravel/blogproject/vendor/laravel/framework/src/Illuminate/Database/Migrations/Migrator.php(221): Illuminate\\Database\\Migrations\\Migrator->runMigration(Object(CreateCategoriesTable), 'up')
#13 /Users/deepak/Desktop/deep_laravel/blogproject/vendor/laravel/framework/src/Illuminate/Console/View/Components/Task.php(40): Illuminate\\Database\\Migrations\\Migrator->Illuminate\\Database\\Migrations\\{closure}()
#14 /Users/deepak/Desktop/deep_laravel/blogproject/vendor/laravel/framework/src/Illuminate/Database/Migrations/Migrator.php(764): Illuminate\\Console\\View\\Components\\Task->render('2025_02_04_0607...', Object(Closure))
#15 /Users/deepak/Desktop/deep_laravel/blogproject/vendor/laravel/framework/src/Illuminate/Database/Migrations/Migrator.php(221): Illuminate\\Database\\Migrations\\Migrator->write('Illuminate\\\\Cons...', '2025_02_04_0607...', Object(Closure))
#16 /Users/deepak/Desktop/deep_laravel/blogproject/vendor/laravel/framework/src/Illuminate/Database/Migrations/Migrator.php(188): Illuminate\\Database\\Migrations\\Migrator->runUp('/Users/deepak/D...', 2, false)
#17 /Users/deepak/Desktop/deep_laravel/blogproject/vendor/laravel/framework/src/Illuminate/Database/Migrations/Migrator.php(131): Illuminate\\Database\\Migrations\\Migrator->runPending(Array, Array)
#18 /Users/deepak/Desktop/deep_laravel/blogproject/vendor/laravel/framework/src/Illuminate/Database/Console/Migrations/MigrateCommand.php(117): Illuminate\\Database\\Migrations\\Migrator->run(Array, Array)
#19 /Users/deepak/Desktop/deep_laravel/blogproject/vendor/laravel/framework/src/Illuminate/Database/Migrations/Migrator.php(624): Illuminate\\Database\\Console\\Migrations\\MigrateCommand->Illuminate\\Database\\Console\\Migrations\\{closure}()
#20 /Users/deepak/Desktop/deep_laravel/blogproject/vendor/laravel/framework/src/Illuminate/Database/Console/Migrations/MigrateCommand.php(110): Illuminate\\Database\\Migrations\\Migrator->usingConnection(NULL, Object(Closure))
#21 /Users/deepak/Desktop/deep_laravel/blogproject/vendor/laravel/framework/src/Illuminate/Database/Console/Migrations/MigrateCommand.php(89): Illuminate\\Database\\Console\\Migrations\\MigrateCommand->runMigrations()
#22 /Users/deepak/Desktop/deep_laravel/blogproject/vendor/laravel/framework/src/Illuminate/Container/BoundMethod.php(36): Illuminate\\Database\\Console\\Migrations\\MigrateCommand->handle()
#23 /Users/deepak/Desktop/deep_laravel/blogproject/vendor/laravel/framework/src/Illuminate/Container/Util.php(43): Illuminate\\Container\\BoundMethod::Illuminate\\Container\\{closure}()
#24 /Users/deepak/Desktop/deep_laravel/blogproject/vendor/laravel/framework/src/Illuminate/Container/BoundMethod.php(95): Illuminate\\Container\\Util::unwrapIfClosure(Object(Closure))
#25 /Users/deepak/Desktop/deep_laravel/blogproject/vendor/laravel/framework/src/Illuminate/Container/BoundMethod.php(35): Illuminate\\Container\\BoundMethod::callBoundMethod(Object(Illuminate\\Foundation\\Application), Array, Object(Closure))
#26 /Users/deepak/Desktop/deep_laravel/blogproject/vendor/laravel/framework/src/Illuminate/Container/Container.php(694): Illuminate\\Container\\BoundMethod::call(Object(Illuminate\\Foundation\\Application), Array, Array, NULL)
#27 /Users/deepak/Desktop/deep_laravel/blogproject/vendor/laravel/framework/src/Illuminate/Console/Command.php(213): Illuminate\\Container\\Container->call(Array)
#28 /Users/deepak/Desktop/deep_laravel/blogproject/vendor/symfony/console/Command/Command.php(279): Illuminate\\Console\\Command->execute(Object(Symfony\\Component\\Console\\Input\\ArgvInput), Object(Illuminate\\Console\\OutputStyle))
#29 /Users/deepak/Desktop/deep_laravel/blogproject/vendor/laravel/framework/src/Illuminate/Console/Command.php(182): Symfony\\Component\\Console\\Command\\Command->run(Object(Symfony\\Component\\Console\\Input\\ArgvInput), Object(Illuminate\\Console\\OutputStyle))
#30 /Users/deepak/Desktop/deep_laravel/blogproject/vendor/symfony/console/Application.php(1094): Illuminate\\Console\\Command->run(Object(Symfony\\Component\\Console\\Input\\ArgvInput), Object(Symfony\\Component\\Console\\Output\\ConsoleOutput))
#31 /Users/deepak/Desktop/deep_laravel/blogproject/vendor/symfony/console/Application.php(342): Symfony\\Component\\Console\\Application->doRunCommand(Object(Illuminate\\Database\\Console\\Migrations\\MigrateCommand), Object(Symfony\\Component\\Console\\Input\\ArgvInput), Object(Symfony\\Component\\Console\\Output\\ConsoleOutput))
#32 /Users/deepak/Desktop/deep_laravel/blogproject/vendor/symfony/console/Application.php(193): Symfony\\Component\\Console\\Application->doRun(Object(Symfony\\Component\\Console\\Input\\ArgvInput), Object(Symfony\\Component\\Console\\Output\\ConsoleOutput))
#33 /Users/deepak/Desktop/deep_laravel/blogproject/vendor/laravel/framework/src/Illuminate/Foundation/Console/Kernel.php(198): Symfony\\Component\\Console\\Application->run(Object(Symfony\\Component\\Console\\Input\\ArgvInput), Object(Symfony\\Component\\Console\\Output\\ConsoleOutput))
#34 /Users/deepak/Desktop/deep_laravel/blogproject/vendor/laravel/framework/src/Illuminate/Foundation/Application.php(1231): Illuminate\\Foundation\\Console\\Kernel->handle(Object(Symfony\\Component\\Console\\Input\\ArgvInput), Object(Symfony\\Component\\Console\\Output\\ConsoleOutput))
#35 /Users/deepak/Desktop/deep_laravel/blogproject/artisan(13): Illuminate\\Foundation\\Application->handleCommand(Object(Symfony\\Component\\Console\\Input\\ArgvInput))
#36 {main}
"} 
[2025-02-04 06:08:50] local.ERROR: SQLSTATE[42S01]: Base table or view already exists: 1050 Table 'categories' already exists (Connection: mysql, SQL: create table `categories` (`id` bigint unsigned not null auto_increment primary key, `name` varchar(255) not null, `meta_title` varchar(255) null, `meta_description` text null, `created_at` timestamp null, `updated_at` timestamp null) default character set utf8mb4 collate 'utf8mb4_unicode_ci') {"exception":"[object] (Illuminate\\Database\\QueryException(code: 42S01): SQLSTATE[42S01]: Base table or view already exists: 1050 Table 'categories' already exists (Connection: mysql, SQL: create table `categories` (`id` bigint unsigned not null auto_increment primary key, `name` varchar(255) not null, `meta_title` varchar(255) null, `meta_description` text null, `created_at` timestamp null, `updated_at` timestamp null) default character set utf8mb4 collate 'utf8mb4_unicode_ci') at /Users/deepak/Desktop/deep_laravel/blogproject/vendor/laravel/framework/src/Illuminate/Database/Connection.php:825)
[stacktrace]
#0 /Users/deepak/Desktop/deep_laravel/blogproject/vendor/laravel/framework/src/Illuminate/Database/Connection.php(779): Illuminate\\Database\\Connection->runQueryCallback('create table `c...', Array, Object(Closure))
#1 /Users/deepak/Desktop/deep_laravel/blogproject/vendor/laravel/framework/src/Illuminate/Database/Connection.php(560): Illuminate\\Database\\Connection->run('create table `c...', Array, Object(Closure))
#2 /Users/deepak/Desktop/deep_laravel/blogproject/vendor/laravel/framework/src/Illuminate/Database/Schema/Blueprint.php(118): Illuminate\\Database\\Connection->statement('create table `c...')
#3 /Users/deepak/Desktop/deep_laravel/blogproject/vendor/laravel/framework/src/Illuminate/Database/Schema/Builder.php(564): Illuminate\\Database\\Schema\\Blueprint->build(Object(Illuminate\\Database\\MySqlConnection), Object(Illuminate\\Database\\Schema\\Grammars\\MySqlGrammar))
#4 /Users/deepak/Desktop/deep_laravel/blogproject/vendor/laravel/framework/src/Illuminate/Database/Schema/Builder.php(418): Illuminate\\Database\\Schema\\Builder->build(Object(Illuminate\\Database\\Schema\\Blueprint))
#5 /Users/deepak/Desktop/deep_laravel/blogproject/vendor/laravel/framework/src/Illuminate/Support/Facades/Facade.php(361): Illuminate\\Database\\Schema\\Builder->create('categories', Object(Closure))
#6 /Users/deepak/Desktop/deep_laravel/blogproject/database/migrations/2025_02_04_060720_create_categories_table.php(11): Illuminate\\Support\\Facades\\Facade::__callStatic('create', Array)
#7 /Users/deepak/Desktop/deep_laravel/blogproject/vendor/laravel/framework/src/Illuminate/Database/Migrations/Migrator.php(484): CreateCategoriesTable->up()
#8 /Users/deepak/Desktop/deep_laravel/blogproject/vendor/laravel/framework/src/Illuminate/Database/Migrations/Migrator.php(409): Illuminate\\Database\\Migrations\\Migrator->runMethod(Object(Illuminate\\Database\\MySqlConnection), Object(CreateCategoriesTable), 'up')
#9 /Users/deepak/Desktop/deep_laravel/blogproject/vendor/laravel/framework/src/Illuminate/Database/Migrations/Migrator.php(418): Illuminate\\Database\\Migrations\\Migrator->Illuminate\\Database\\Migrations\\{closure}()
#10 /Users/deepak/Desktop/deep_laravel/blogproject/vendor/laravel/framework/src/Illuminate/Database/Migrations/Migrator.php(221): Illuminate\\Database\\Migrations\\Migrator->runMigration(Object(CreateCategoriesTable), 'up')
#11 /Users/deepak/Desktop/deep_laravel/blogproject/vendor/laravel/framework/src/Illuminate/Console/View/Components/Task.php(40): Illuminate\\Database\\Migrations\\Migrator->Illuminate\\Database\\Migrations\\{closure}()
#12 /Users/deepak/Desktop/deep_laravel/blogproject/vendor/laravel/framework/src/Illuminate/Database/Migrations/Migrator.php(764): Illuminate\\Console\\View\\Components\\Task->render('2025_02_04_0607...', Object(Closure))
#13 /Users/deepak/Desktop/deep_laravel/blogproject/vendor/laravel/framework/src/Illuminate/Database/Migrations/Migrator.php(221): Illuminate\\Database\\Migrations\\Migrator->write('Illuminate\\\\Cons...', '2025_02_04_0607...', Object(Closure))
#14 /Users/deepak/Desktop/deep_laravel/blogproject/vendor/laravel/framework/src/Illuminate/Database/Migrations/Migrator.php(188): Illuminate\\Database\\Migrations\\Migrator->runUp('/Users/deepak/D...', 2, false)
#15 /Users/deepak/Desktop/deep_laravel/blogproject/vendor/laravel/framework/src/Illuminate/Database/Migrations/Migrator.php(131): Illuminate\\Database\\Migrations\\Migrator->runPending(Array, Array)
#16 /Users/deepak/Desktop/deep_laravel/blogproject/vendor/laravel/framework/src/Illuminate/Database/Console/Migrations/MigrateCommand.php(117): Illuminate\\Database\\Migrations\\Migrator->run(Array, Array)
#17 /Users/deepak/Desktop/deep_laravel/blogproject/vendor/laravel/framework/src/Illuminate/Database/Migrations/Migrator.php(624): Illuminate\\Database\\Console\\Migrations\\MigrateCommand->Illuminate\\Database\\Console\\Migrations\\{closure}()
#18 /Users/deepak/Desktop/deep_laravel/blogproject/vendor/laravel/framework/src/Illuminate/Database/Console/Migrations/MigrateCommand.php(110): Illuminate\\Database\\Migrations\\Migrator->usingConnection(NULL, Object(Closure))
#19 /Users/deepak/Desktop/deep_laravel/blogproject/vendor/laravel/framework/src/Illuminate/Database/Console/Migrations/MigrateCommand.php(89): Illuminate\\Database\\Console\\Migrations\\MigrateCommand->runMigrations()
#20 /Users/deepak/Desktop/deep_laravel/blogproject/vendor/laravel/framework/src/Illuminate/Container/BoundMethod.php(36): Illuminate\\Database\\Console\\Migrations\\MigrateCommand->handle()
#21 /Users/deepak/Desktop/deep_laravel/blogproject/vendor/laravel/framework/src/Illuminate/Container/Util.php(43): Illuminate\\Container\\BoundMethod::Illuminate\\Container\\{closure}()
#22 /Users/deepak/Desktop/deep_laravel/blogproject/vendor/laravel/framework/src/Illuminate/Container/BoundMethod.php(95): Illuminate\\Container\\Util::unwrapIfClosure(Object(Closure))
#23 /Users/deepak/Desktop/deep_laravel/blogproject/vendor/laravel/framework/src/Illuminate/Container/BoundMethod.php(35): Illuminate\\Container\\BoundMethod::callBoundMethod(Object(Illuminate\\Foundation\\Application), Array, Object(Closure))
#24 /Users/deepak/Desktop/deep_laravel/blogproject/vendor/laravel/framework/src/Illuminate/Container/Container.php(694): Illuminate\\Container\\BoundMethod::call(Object(Illuminate\\Foundation\\Application), Array, Array, NULL)
#25 /Users/deepak/Desktop/deep_laravel/blogproject/vendor/laravel/framework/src/Illuminate/Console/Command.php(213): Illuminate\\Container\\Container->call(Array)
#26 /Users/deepak/Desktop/deep_laravel/blogproject/vendor/symfony/console/Command/Command.php(279): Illuminate\\Console\\Command->execute(Object(Symfony\\Component\\Console\\Input\\ArgvInput), Object(Illuminate\\Console\\OutputStyle))
#27 /Users/deepak/Desktop/deep_laravel/blogproject/vendor/laravel/framework/src/Illuminate/Console/Command.php(182): Symfony\\Component\\Console\\Command\\Command->run(Object(Symfony\\Component\\Console\\Input\\ArgvInput), Object(Illuminate\\Console\\OutputStyle))
#28 /Users/deepak/Desktop/deep_laravel/blogproject/vendor/symfony/console/Application.php(1094): Illuminate\\Console\\Command->run(Object(Symfony\\Component\\Console\\Input\\ArgvInput), Object(Symfony\\Component\\Console\\Output\\ConsoleOutput))
#29 /Users/deepak/Desktop/deep_laravel/blogproject/vendor/symfony/console/Application.php(342): Symfony\\Component\\Console\\Application->doRunCommand(Object(Illuminate\\Database\\Console\\Migrations\\MigrateCommand), Object(Symfony\\Component\\Console\\Input\\ArgvInput), Object(Symfony\\Component\\Console\\Output\\ConsoleOutput))
#30 /Users/deepak/Desktop/deep_laravel/blogproject/vendor/symfony/console/Application.php(193): Symfony\\Component\\Console\\Application->doRun(Object(Symfony\\Component\\Console\\Input\\ArgvInput), Object(Symfony\\Component\\Console\\Output\\ConsoleOutput))
#31 /Users/deepak/Desktop/deep_laravel/blogproject/vendor/laravel/framework/src/Illuminate/Foundation/Console/Kernel.php(198): Symfony\\Component\\Console\\Application->run(Object(Symfony\\Component\\Console\\Input\\ArgvInput), Object(Symfony\\Component\\Console\\Output\\ConsoleOutput))
#32 /Users/deepak/Desktop/deep_laravel/blogproject/vendor/laravel/framework/src/Illuminate/Foundation/Application.php(1231): Illuminate\\Foundation\\Console\\Kernel->handle(Object(Symfony\\Component\\Console\\Input\\ArgvInput), Object(Symfony\\Component\\Console\\Output\\ConsoleOutput))
#33 /Users/deepak/Desktop/deep_laravel/blogproject/artisan(13): Illuminate\\Foundation\\Application->handleCommand(Object(Symfony\\Component\\Console\\Input\\ArgvInput))
#34 {main}

[previous exception] [object] (PDOException(code: 42S01): SQLSTATE[42S01]: Base table or view already exists: 1050 Table 'categories' already exists at /Users/deepak/Desktop/deep_laravel/blogproject/vendor/laravel/framework/src/Illuminate/Database/Connection.php:571)
[stacktrace]
#0 /Users/deepak/Desktop/deep_laravel/blogproject/vendor/laravel/framework/src/Illuminate/Database/Connection.php(571): PDOStatement->execute()
#1 /Users/deepak/Desktop/deep_laravel/blogproject/vendor/laravel/framework/src/Illuminate/Database/Connection.php(812): Illuminate\\Database\\Connection->Illuminate\\Database\\{closure}('create table `c...', Array)
#2 /Users/deepak/Desktop/deep_laravel/blogproject/vendor/laravel/framework/src/Illuminate/Database/Connection.php(779): Illuminate\\Database\\Connection->runQueryCallback('create table `c...', Array, Object(Closure))
#3 /Users/deepak/Desktop/deep_laravel/blogproject/vendor/laravel/framework/src/Illuminate/Database/Connection.php(560): Illuminate\\Database\\Connection->run('create table `c...', Array, Object(Closure))
#4 /Users/deepak/Desktop/deep_laravel/blogproject/vendor/laravel/framework/src/Illuminate/Database/Schema/Blueprint.php(118): Illuminate\\Database\\Connection->statement('create table `c...')
#5 /Users/deepak/Desktop/deep_laravel/blogproject/vendor/laravel/framework/src/Illuminate/Database/Schema/Builder.php(564): Illuminate\\Database\\Schema\\Blueprint->build(Object(Illuminate\\Database\\MySqlConnection), Object(Illuminate\\Database\\Schema\\Grammars\\MySqlGrammar))
#6 /Users/deepak/Desktop/deep_laravel/blogproject/vendor/laravel/framework/src/Illuminate/Database/Schema/Builder.php(418): Illuminate\\Database\\Schema\\Builder->build(Object(Illuminate\\Database\\Schema\\Blueprint))
#7 /Users/deepak/Desktop/deep_laravel/blogproject/vendor/laravel/framework/src/Illuminate/Support/Facades/Facade.php(361): Illuminate\\Database\\Schema\\Builder->create('categories', Object(Closure))
#8 /Users/deepak/Desktop/deep_laravel/blogproject/database/migrations/2025_02_04_060720_create_categories_table.php(11): Illuminate\\Support\\Facades\\Facade::__callStatic('create', Array)
#9 /Users/deepak/Desktop/deep_laravel/blogproject/vendor/laravel/framework/src/Illuminate/Database/Migrations/Migrator.php(484): CreateCategoriesTable->up()
#10 /Users/deepak/Desktop/deep_laravel/blogproject/vendor/laravel/framework/src/Illuminate/Database/Migrations/Migrator.php(409): Illuminate\\Database\\Migrations\\Migrator->runMethod(Object(Illuminate\\Database\\MySqlConnection), Object(CreateCategoriesTable), 'up')
#11 /Users/deepak/Desktop/deep_laravel/blogproject/vendor/laravel/framework/src/Illuminate/Database/Migrations/Migrator.php(418): Illuminate\\Database\\Migrations\\Migrator->Illuminate\\Database\\Migrations\\{closure}()
#12 /Users/deepak/Desktop/deep_laravel/blogproject/vendor/laravel/framework/src/Illuminate/Database/Migrations/Migrator.php(221): Illuminate\\Database\\Migrations\\Migrator->runMigration(Object(CreateCategoriesTable), 'up')
#13 /Users/deepak/Desktop/deep_laravel/blogproject/vendor/laravel/framework/src/Illuminate/Console/View/Components/Task.php(40): Illuminate\\Database\\Migrations\\Migrator->Illuminate\\Database\\Migrations\\{closure}()
#14 /Users/deepak/Desktop/deep_laravel/blogproject/vendor/laravel/framework/src/Illuminate/Database/Migrations/Migrator.php(764): Illuminate\\Console\\View\\Components\\Task->render('2025_02_04_0607...', Object(Closure))
#15 /Users/deepak/Desktop/deep_laravel/blogproject/vendor/laravel/framework/src/Illuminate/Database/Migrations/Migrator.php(221): Illuminate\\Database\\Migrations\\Migrator->write('Illuminate\\\\Cons...', '2025_02_04_0607...', Object(Closure))
#16 /Users/deepak/Desktop/deep_laravel/blogproject/vendor/laravel/framework/src/Illuminate/Database/Migrations/Migrator.php(188): Illuminate\\Database\\Migrations\\Migrator->runUp('/Users/deepak/D...', 2, false)
#17 /Users/deepak/Desktop/deep_laravel/blogproject/vendor/laravel/framework/src/Illuminate/Database/Migrations/Migrator.php(131): Illuminate\\Database\\Migrations\\Migrator->runPending(Array, Array)
#18 /Users/deepak/Desktop/deep_laravel/blogproject/vendor/laravel/framework/src/Illuminate/Database/Console/Migrations/MigrateCommand.php(117): Illuminate\\Database\\Migrations\\Migrator->run(Array, Array)
#19 /Users/deepak/Desktop/deep_laravel/blogproject/vendor/laravel/framework/src/Illuminate/Database/Migrations/Migrator.php(624): Illuminate\\Database\\Console\\Migrations\\MigrateCommand->Illuminate\\Database\\Console\\Migrations\\{closure}()
#20 /Users/deepak/Desktop/deep_laravel/blogproject/vendor/laravel/framework/src/Illuminate/Database/Console/Migrations/MigrateCommand.php(110): Illuminate\\Database\\Migrations\\Migrator->usingConnection(NULL, Object(Closure))
#21 /Users/deepak/Desktop/deep_laravel/blogproject/vendor/laravel/framework/src/Illuminate/Database/Console/Migrations/MigrateCommand.php(89): Illuminate\\Database\\Console\\Migrations\\MigrateCommand->runMigrations()
#22 /Users/deepak/Desktop/deep_laravel/blogproject/vendor/laravel/framework/src/Illuminate/Container/BoundMethod.php(36): Illuminate\\Database\\Console\\Migrations\\MigrateCommand->handle()
#23 /Users/deepak/Desktop/deep_laravel/blogproject/vendor/laravel/framework/src/Illuminate/Container/Util.php(43): Illuminate\\Container\\BoundMethod::Illuminate\\Container\\{closure}()
#24 /Users/deepak/Desktop/deep_laravel/blogproject/vendor/laravel/framework/src/Illuminate/Container/BoundMethod.php(95): Illuminate\\Container\\Util::unwrapIfClosure(Object(Closure))
#25 /Users/deepak/Desktop/deep_laravel/blogproject/vendor/laravel/framework/src/Illuminate/Container/BoundMethod.php(35): Illuminate\\Container\\BoundMethod::callBoundMethod(Object(Illuminate\\Foundation\\Application), Array, Object(Closure))
#26 /Users/deepak/Desktop/deep_laravel/blogproject/vendor/laravel/framework/src/Illuminate/Container/Container.php(694): Illuminate\\Container\\BoundMethod::call(Object(Illuminate\\Foundation\\Application), Array, Array, NULL)
#27 /Users/deepak/Desktop/deep_laravel/blogproject/vendor/laravel/framework/src/Illuminate/Console/Command.php(213): Illuminate\\Container\\Container->call(Array)
#28 /Users/deepak/Desktop/deep_laravel/blogproject/vendor/symfony/console/Command/Command.php(279): Illuminate\\Console\\Command->execute(Object(Symfony\\Component\\Console\\Input\\ArgvInput), Object(Illuminate\\Console\\OutputStyle))
#29 /Users/deepak/Desktop/deep_laravel/blogproject/vendor/laravel/framework/src/Illuminate/Console/Command.php(182): Symfony\\Component\\Console\\Command\\Command->run(Object(Symfony\\Component\\Console\\Input\\ArgvInput), Object(Illuminate\\Console\\OutputStyle))
#30 /Users/deepak/Desktop/deep_laravel/blogproject/vendor/symfony/console/Application.php(1094): Illuminate\\Console\\Command->run(Object(Symfony\\Component\\Console\\Input\\ArgvInput), Object(Symfony\\Component\\Console\\Output\\ConsoleOutput))
#31 /Users/deepak/Desktop/deep_laravel/blogproject/vendor/symfony/console/Application.php(342): Symfony\\Component\\Console\\Application->doRunCommand(Object(Illuminate\\Database\\Console\\Migrations\\MigrateCommand), Object(Symfony\\Component\\Console\\Input\\ArgvInput), Object(Symfony\\Component\\Console\\Output\\ConsoleOutput))
#32 /Users/deepak/Desktop/deep_laravel/blogproject/vendor/symfony/console/Application.php(193): Symfony\\Component\\Console\\Application->doRun(Object(Symfony\\Component\\Console\\Input\\ArgvInput), Object(Symfony\\Component\\Console\\Output\\ConsoleOutput))
#33 /Users/deepak/Desktop/deep_laravel/blogproject/vendor/laravel/framework/src/Illuminate/Foundation/Console/Kernel.php(198): Symfony\\Component\\Console\\Application->run(Object(Symfony\\Component\\Console\\Input\\ArgvInput), Object(Symfony\\Component\\Console\\Output\\ConsoleOutput))
#34 /Users/deepak/Desktop/deep_laravel/blogproject/vendor/laravel/framework/src/Illuminate/Foundation/Application.php(1231): Illuminate\\Foundation\\Console\\Kernel->handle(Object(Symfony\\Component\\Console\\Input\\ArgvInput), Object(Symfony\\Component\\Console\\Output\\ConsoleOutput))
#35 /Users/deepak/Desktop/deep_laravel/blogproject/artisan(13): Illuminate\\Foundation\\Application->handleCommand(Object(Symfony\\Component\\Console\\Input\\ArgvInput))
#36 {main}
"} 
[2025-02-04 06:38:10] local.ERROR: require(/Users/deepak/Desktop/deep_laravel/blogproject/bootstrap/../routes/web.php): Failed to open stream: No such file or directory {"exception":"[object] (ErrorException(code: 0): require(/Users/deepak/Desktop/deep_laravel/blogproject/bootstrap/../routes/web.php): Failed to open stream: No such file or directory at /Users/deepak/Desktop/deep_laravel/blogproject/vendor/laravel/framework/src/Illuminate/Routing/RouteFileRegistrar.php:35)
[stacktrace]
#0 /Users/deepak/Desktop/deep_laravel/blogproject/vendor/laravel/framework/src/Illuminate/Foundation/Bootstrap/HandleExceptions.php(256): Illuminate\\Foundation\\Bootstrap\\HandleExceptions->handleError(2, 'require(/Users/...', '/Users/deepak/D...', 35)
#1 /Users/deepak/Desktop/deep_laravel/blogproject/vendor/laravel/framework/src/Illuminate/Routing/RouteFileRegistrar.php(35): Illuminate\\Foundation\\Bootstrap\\HandleExceptions->Illuminate\\Foundation\\Bootstrap\\{closure}(2, 'require(/Users/...', '/Users/deepak/D...', 35)
#2 /Users/deepak/Desktop/deep_laravel/blogproject/vendor/laravel/framework/src/Illuminate/Routing/RouteFileRegistrar.php(35): require('/Users/deepak/D...')
#3 /Users/deepak/Desktop/deep_laravel/blogproject/vendor/laravel/framework/src/Illuminate/Routing/Router.php(513): Illuminate\\Routing\\RouteFileRegistrar->register('/Users/deepak/D...')
#4 /Users/deepak/Desktop/deep_laravel/blogproject/vendor/laravel/framework/src/Illuminate/Routing/Router.php(467): Illuminate\\Routing\\Router->loadRoutes('/Users/deepak/D...')
#5 /Users/deepak/Desktop/deep_laravel/blogproject/vendor/laravel/framework/src/Illuminate/Routing/RouteRegistrar.php(199): Illuminate\\Routing\\Router->group(Array, '/Users/deepak/D...')
#6 /Users/deepak/Desktop/deep_laravel/blogproject/vendor/laravel/framework/src/Illuminate/Foundation/Configuration/ApplicationBuilder.php(248): Illuminate\\Routing\\RouteRegistrar->group('/Users/deepak/D...')
#7 /Users/deepak/Desktop/deep_laravel/blogproject/vendor/laravel/framework/src/Illuminate/Container/BoundMethod.php(36): Illuminate\\Foundation\\Configuration\\ApplicationBuilder->Illuminate\\Foundation\\Configuration\\{closure}()
#8 /Users/deepak/Desktop/deep_laravel/blogproject/vendor/laravel/framework/src/Illuminate/Container/Util.php(43): Illuminate\\Container\\BoundMethod::Illuminate\\Container\\{closure}()
#9 /Users/deepak/Desktop/deep_laravel/blogproject/vendor/laravel/framework/src/Illuminate/Container/BoundMethod.php(83): Illuminate\\Container\\Util::unwrapIfClosure(Object(Closure))
#10 /Users/deepak/Desktop/deep_laravel/blogproject/vendor/laravel/framework/src/Illuminate/Container/BoundMethod.php(35): Illuminate\\Container\\BoundMethod::callBoundMethod(Object(Illuminate\\Foundation\\Application), Object(Closure), Object(Closure))
#11 /Users/deepak/Desktop/deep_laravel/blogproject/vendor/laravel/framework/src/Illuminate/Container/Container.php(694): Illuminate\\Container\\BoundMethod::call(Object(Illuminate\\Foundation\\Application), Object(Closure), Array, NULL)
#12 /Users/deepak/Desktop/deep_laravel/blogproject/vendor/laravel/framework/src/Illuminate/Foundation/Support/Providers/RouteServiceProvider.php(162): Illuminate\\Container\\Container->call(Object(Closure))
#13 /Users/deepak/Desktop/deep_laravel/blogproject/vendor/laravel/framework/src/Illuminate/Foundation/Support/Providers/RouteServiceProvider.php(59): Illuminate\\Foundation\\Support\\Providers\\RouteServiceProvider->loadRoutes()
#14 /Users/deepak/Desktop/deep_laravel/blogproject/vendor/laravel/framework/src/Illuminate/Container/BoundMethod.php(36): Illuminate\\Foundation\\Support\\Providers\\RouteServiceProvider->Illuminate\\Foundation\\Support\\Providers\\{closure}()
#15 /Users/deepak/Desktop/deep_laravel/blogproject/vendor/laravel/framework/src/Illuminate/Container/Util.php(43): Illuminate\\Container\\BoundMethod::Illuminate\\Container\\{closure}()
#16 /Users/deepak/Desktop/deep_laravel/blogproject/vendor/laravel/framework/src/Illuminate/Container/BoundMethod.php(83): Illuminate\\Container\\Util::unwrapIfClosure(Object(Closure))
#17 /Users/deepak/Desktop/deep_laravel/blogproject/vendor/laravel/framework/src/Illuminate/Container/BoundMethod.php(35): Illuminate\\Container\\BoundMethod::callBoundMethod(Object(Illuminate\\Foundation\\Application), Object(Closure), Object(Closure))
#18 /Users/deepak/Desktop/deep_laravel/blogproject/vendor/laravel/framework/src/Illuminate/Container/Container.php(694): Illuminate\\Container\\BoundMethod::call(Object(Illuminate\\Foundation\\Application), Object(Closure), Array, NULL)
#19 /Users/deepak/Desktop/deep_laravel/blogproject/vendor/laravel/framework/src/Illuminate/Support/ServiceProvider.php(144): Illuminate\\Container\\Container->call(Object(Closure))
#20 /Users/deepak/Desktop/deep_laravel/blogproject/vendor/laravel/framework/src/Illuminate/Foundation/Application.php(1150): Illuminate\\Support\\ServiceProvider->callBootedCallbacks()
#21 /Users/deepak/Desktop/deep_laravel/blogproject/vendor/laravel/framework/src/Illuminate/Foundation/Application.php(1128): Illuminate\\Foundation\\Application->bootProvider(Object(Illuminate\\Foundation\\Support\\Providers\\RouteServiceProvider))
#22 [internal function]: Illuminate\\Foundation\\Application->Illuminate\\Foundation\\{closure}(Object(Illuminate\\Foundation\\Support\\Providers\\RouteServiceProvider), 'Illuminate\\\\Foun...')
#23 /Users/deepak/Desktop/deep_laravel/blogproject/vendor/laravel/framework/src/Illuminate/Foundation/Application.php(1127): array_walk(Array, Object(Closure))
#24 /Users/deepak/Desktop/deep_laravel/blogproject/vendor/laravel/framework/src/Illuminate/Foundation/Bootstrap/BootProviders.php(17): Illuminate\\Foundation\\Application->boot()
#25 /Users/deepak/Desktop/deep_laravel/blogproject/vendor/laravel/framework/src/Illuminate/Foundation/Application.php(342): Illuminate\\Foundation\\Bootstrap\\BootProviders->bootstrap(Object(Illuminate\\Foundation\\Application))
#26 /Users/deepak/Desktop/deep_laravel/blogproject/vendor/laravel/framework/src/Illuminate/Foundation/Console/Kernel.php(474): Illuminate\\Foundation\\Application->bootstrapWith(Array)
#27 /Users/deepak/Desktop/deep_laravel/blogproject/vendor/laravel/framework/src/Illuminate/Foundation/Console/Kernel.php(196): Illuminate\\Foundation\\Console\\Kernel->bootstrap()
#28 Command line code(1): Illuminate\\Foundation\\Console\\Kernel->handle(Object(Symfony\\Component\\Console\\Input\\ArgvInput), Object(Symfony\\Component\\Console\\Output\\ConsoleOutput))
#29 {main}
"} 
[2025-02-04 06:38:10] local.ERROR: Uncaught Symfony\Component\Finder\Exception\DirectoryNotFoundException: The "/Users/deepak/Desktop/deep_laravel/blogproject/resources/views" directory does not exist. in /Users/deepak/Desktop/deep_laravel/blogproject/vendor/symfony/finder/Finder.php:646
Stack trace:
#0 /Users/deepak/Desktop/deep_laravel/blogproject/vendor/laravel/framework/src/Illuminate/Filesystem/Filesystem.php(584): Symfony\Component\Finder\Finder->in('/Users/deepak/D...')
#1 Command line code(1): Illuminate\Filesystem\Filesystem->files('/Users/deepak/D...')
#2 Command line code(1): getViews('/Users/deepak/D...', Object(Illuminate\Filesystem\Filesystem))
#3 {main}
  thrown {"exception":"[object] (Symfony\\Component\\ErrorHandler\\Error\\FatalError(code: 0): Uncaught Symfony\\Component\\Finder\\Exception\\DirectoryNotFoundException: The \"/Users/deepak/Desktop/deep_laravel/blogproject/resources/views\" directory does not exist. in /Users/deepak/Desktop/deep_laravel/blogproject/vendor/symfony/finder/Finder.php:646
Stack trace:
#0 /Users/deepak/Desktop/deep_laravel/blogproject/vendor/laravel/framework/src/Illuminate/Filesystem/Filesystem.php(584): Symfony\\Component\\Finder\\Finder->in('/Users/deepak/D...')
#1 Command line code(1): Illuminate\\Filesystem\\Filesystem->files('/Users/deepak/D...')
#2 Command line code(1): getViews('/Users/deepak/D...', Object(Illuminate\\Filesystem\\Filesystem))
#3 {main}
  thrown at /Users/deepak/Desktop/deep_laravel/blogproject/vendor/symfony/finder/Finder.php:646)
[stacktrace]
#0 {main}
"} 
